{"D:/RS_School/2023/REACT2023Q1/rss-react/src/entry-client.tsx": {"path":"D:/RS_School/2023/REACT2023Q1/rss-react/src/entry-client.tsx","statementMap":{"0":{"start":{"line":9,"column":0},"end":{"line":15,"column":null}}},"fnMap":{},"branchMap":{},"s":{"0":8},"f":{},"b":{}}
,"D:/RS_School/2023/REACT2023Q1/rss-react/src/entry-server.tsx": {"path":"D:/RS_School/2023/REACT2023Q1/rss-react/src/entry-server.tsx","statementMap":{},"fnMap":{},"branchMap":{},"s":{},"f":{},"b":{}}
,"D:/RS_School/2023/REACT2023Q1/rss-react/src/setupTests.ts": {"path":"D:/RS_School/2023/REACT2023Q1/rss-react/src/setupTests.ts","statementMap":{},"fnMap":{},"branchMap":{},"s":{},"f":{},"b":{}}
,"D:/RS_School/2023/REACT2023Q1/rss-react/src/types.ts": {"path":"D:/RS_School/2023/REACT2023Q1/rss-react/src/types.ts","statementMap":{},"fnMap":{},"branchMap":{},"s":{},"f":{},"b":{}}
,"D:/RS_School/2023/REACT2023Q1/rss-react/src/components/App/App.test.tsx": {"path":"D:/RS_School/2023/REACT2023Q1/rss-react/src/components/App/App.test.tsx","statementMap":{},"fnMap":{},"branchMap":{},"s":{},"f":{},"b":{}}
,"D:/RS_School/2023/REACT2023Q1/rss-react/src/components/App/App.tsx": {"path":"D:/RS_School/2023/REACT2023Q1/rss-react/src/components/App/App.tsx","statementMap":{"0":{"start":{"line":1,"column":25},"end":{"line":1,"column":null}},"1":{"start":{"line":10,"column":2},"end":{"line":21,"column":null}},"2":{"start":{"line":23,"column":1},"end":{"line":9,"column":15}},"3":{"start":{"line":25,"column":19},"end":{"line":25,"column":null}}},"fnMap":{"0":{"name":"(anonymous_0)","decl":{"start":{"line":1,"column":25},"end":{"line":1,"column":null}},"loc":{"start":{"line":1,"column":25},"end":{"line":1,"column":null}}},"1":{"name":"App","decl":{"start":{"line":9,"column":9},"end":{"line":9,"column":15}},"loc":{"start":{"line":9,"column":15},"end":{"line":23,"column":1}}}},"branchMap":{"0":{"loc":{"start":{"line":1,"column":25},"end":{"line":1,"column":null}},"type":"if","locations":[{"start":{"line":1,"column":25},"end":{"line":1,"column":null}}]}},"s":{"0":56,"1":12,"2":8,"3":8},"f":{"0":8,"1":12},"b":{"0":[8]}}
,"D:/RS_School/2023/REACT2023Q1/rss-react/src/components/Card/Card.test.tsx": {"path":"D:/RS_School/2023/REACT2023Q1/rss-react/src/components/Card/Card.test.tsx","statementMap":{},"fnMap":{},"branchMap":{},"s":{},"f":{},"b":{}}
,"D:/RS_School/2023/REACT2023Q1/rss-react/src/components/Card/Card.tsx": {"path":"D:/RS_School/2023/REACT2023Q1/rss-react/src/components/Card/Card.tsx","statementMap":{"0":{"start":{"line":10,"column":13},"end":{"line":27,"column":2}},"1":{"start":{"line":10,"column":38},"end":{"line":10,"column":null}},"2":{"start":{"line":11,"column":30},"end":{"line":11,"column":null}},"3":{"start":{"line":12,"column":46},"end":{"line":12,"column":null}},"4":{"start":{"line":13,"column":19},"end":{"line":13,"column":null}},"5":{"start":{"line":15,"column":23},"end":{"line":19,"column":null}},"6":{"start":{"line":16,"column":4},"end":{"line":16,"column":null}},"7":{"start":{"line":17,"column":4},"end":{"line":17,"column":null}},"8":{"start":{"line":18,"column":4},"end":{"line":18,"column":null}},"9":{"start":{"line":21,"column":2},"end":{"line":25,"column":null}},"10":{"start":{"line":22,"column":44},"end":{"line":22,"column":null}},"11":{"start":{"line":27,"column":2},"end":{"line":13,"column":null}},"12":{"start":{"line":10,"column":10},"end":{"line":13,"column":null}},"13":{"start":{"line":13,"column":33},"end":{"line":10,"column":10}},"14":{"start":{"line":29,"column":20},"end":{"line":29,"column":null}}},"fnMap":{"0":{"name":"(anonymous_1)","decl":{"start":{"line":10,"column":13},"end":{"line":10,"column":14}},"loc":{"start":{"line":10,"column":38},"end":{"line":27,"column":2}}},"1":{"name":"(anonymous_2)","decl":{"start":{"line":15,"column":23},"end":{"line":15,"column":29}},"loc":{"start":{"line":15,"column":29},"end":{"line":19,"column":null}}},"2":{"name":"(anonymous_3)","decl":{"start":{"line":22,"column":38},"end":{"line":22,"column":44}},"loc":{"start":{"line":22,"column":44},"end":{"line":22,"column":null}}},"3":{"name":"(anonymous_4)","decl":{"start":{"line":10,"column":10},"end":{"line":10,"column":13}},"loc":{"start":{"line":10,"column":10},"end":{"line":13,"column":null}}}},"branchMap":{},"s":{"0":8,"1":40,"2":40,"3":40,"4":40,"5":40,"6":0,"7":0,"8":0,"9":40,"10":0,"11":8,"12":1,"13":8,"14":8},"f":{"0":40,"1":0,"2":0,"3":1},"b":{}}
,"D:/RS_School/2023/REACT2023Q1/rss-react/src/components/CardForm/CardForm.test.tsx": {"path":"D:/RS_School/2023/REACT2023Q1/rss-react/src/components/CardForm/CardForm.test.tsx","statementMap":{},"fnMap":{},"branchMap":{},"s":{},"f":{},"b":{}}
,"D:/RS_School/2023/REACT2023Q1/rss-react/src/components/CardForm/CardForm.tsx": {"path":"D:/RS_School/2023/REACT2023Q1/rss-react/src/components/CardForm/CardForm.tsx","statementMap":{"0":{"start":{"line":1,"column":25},"end":{"line":1,"column":null}},"1":{"start":{"line":8,"column":17},"end":{"line":26,"column":2}},"2":{"start":{"line":9,"column":2},"end":{"line":24,"column":null}},"3":{"start":{"line":26,"column":2},"end":{"line":8,"column":17}},"4":{"start":{"line":28,"column":24},"end":{"line":28,"column":null}}},"fnMap":{"0":{"name":"(anonymous_0)","decl":{"start":{"line":1,"column":25},"end":{"line":1,"column":null}},"loc":{"start":{"line":1,"column":25},"end":{"line":1,"column":null}}},"1":{"name":"(anonymous_1)","decl":{"start":{"line":8,"column":17},"end":{"line":8,"column":18}},"loc":{"start":{"line":8,"column":46},"end":{"line":26,"column":2}}}},"branchMap":{"0":{"loc":{"start":{"line":1,"column":25},"end":{"line":1,"column":null}},"type":"if","locations":[{"start":{"line":1,"column":25},"end":{"line":1,"column":null}}]}},"s":{"0":56,"1":8,"2":1,"3":8,"4":8},"f":{"0":8,"1":1},"b":{"0":[8]}}
,"D:/RS_School/2023/REACT2023Q1/rss-react/src/components/Footer/Footer.test.tsx": {"path":"D:/RS_School/2023/REACT2023Q1/rss-react/src/components/Footer/Footer.test.tsx","statementMap":{},"fnMap":{},"branchMap":{},"s":{},"f":{},"b":{}}
,"D:/RS_School/2023/REACT2023Q1/rss-react/src/components/Footer/Footer.tsx": {"path":"D:/RS_School/2023/REACT2023Q1/rss-react/src/components/Footer/Footer.tsx","statementMap":{"0":{"start":{"line":1,"column":25},"end":{"line":1,"column":null}},"1":{"start":{"line":3,"column":15},"end":{"line":23,"column":2}},"2":{"start":{"line":4,"column":2},"end":{"line":21,"column":null}},"3":{"start":{"line":23,"column":2},"end":{"line":3,"column":15}},"4":{"start":{"line":25,"column":22},"end":{"line":25,"column":null}}},"fnMap":{"0":{"name":"(anonymous_0)","decl":{"start":{"line":1,"column":25},"end":{"line":1,"column":null}},"loc":{"start":{"line":1,"column":25},"end":{"line":1,"column":null}}},"1":{"name":"(anonymous_1)","decl":{"start":{"line":3,"column":15},"end":{"line":3,"column":21}},"loc":{"start":{"line":3,"column":21},"end":{"line":23,"column":2}}}},"branchMap":{"0":{"loc":{"start":{"line":1,"column":25},"end":{"line":1,"column":null}},"type":"if","locations":[{"start":{"line":1,"column":25},"end":{"line":1,"column":null}}]}},"s":{"0":56,"1":8,"2":12,"3":8,"4":8},"f":{"0":8,"1":12},"b":{"0":[8]}}
,"D:/RS_School/2023/REACT2023Q1/rss-react/src/components/Form/Form.test.tsx": {"path":"D:/RS_School/2023/REACT2023Q1/rss-react/src/components/Form/Form.test.tsx","statementMap":{},"fnMap":{},"branchMap":{},"s":{},"f":{},"b":{}}
,"D:/RS_School/2023/REACT2023Q1/rss-react/src/components/Form/Form.tsx": {"path":"D:/RS_School/2023/REACT2023Q1/rss-react/src/components/Form/Form.tsx","statementMap":{"0":{"start":{"line":13,"column":13},"end":{"line":52,"column":2}},"1":{"start":{"line":13,"column":19},"end":{"line":13,"column":null}},"2":{"start":{"line":14,"column":19},"end":{"line":14,"column":null}},"3":{"start":{"line":15,"column":34},"end":{"line":15,"column":null}},"4":{"start":{"line":21,"column":6},"end":{"line":21,"column":null}},"5":{"start":{"line":23,"column":49},"end":{"line":31,"column":null}},"6":{"start":{"line":24,"column":18},"end":{"line":24,"column":null}},"7":{"start":{"line":25,"column":4},"end":{"line":25,"column":null}},"8":{"start":{"line":26,"column":4},"end":{"line":26,"column":null}},"9":{"start":{"line":27,"column":4},"end":{"line":29,"column":null}},"10":{"start":{"line":28,"column":6},"end":{"line":28,"column":null}},"11":{"start":{"line":30,"column":4},"end":{"line":30,"column":null}},"12":{"start":{"line":32,"column":2},"end":{"line":50,"column":null}},"13":{"start":{"line":52,"column":2},"end":{"line":21,"column":28}},"14":{"start":{"line":13,"column":10},"end":{"line":21,"column":28}},"15":{"start":{"line":21,"column":13},"end":{"line":13,"column":10}},"16":{"start":{"line":54,"column":20},"end":{"line":54,"column":null}}},"fnMap":{"0":{"name":"(anonymous_1)","decl":{"start":{"line":13,"column":13},"end":{"line":13,"column":19}},"loc":{"start":{"line":13,"column":19},"end":{"line":52,"column":2}}},"1":{"name":"(anonymous_2)","decl":{"start":{"line":23,"column":49},"end":{"line":23,"column":58}},"loc":{"start":{"line":23,"column":58},"end":{"line":31,"column":null}}},"2":{"name":"(anonymous_3)","decl":{"start":{"line":27,"column":15},"end":{"line":27,"column":21}},"loc":{"start":{"line":27,"column":21},"end":{"line":29,"column":7}}},"3":{"name":"(anonymous_4)","decl":{"start":{"line":13,"column":10},"end":{"line":13,"column":13}},"loc":{"start":{"line":13,"column":10},"end":{"line":21,"column":28}}}},"branchMap":{},"s":{"0":8,"1":7,"2":7,"3":7,"4":7,"5":7,"6":1,"7":1,"8":1,"9":1,"10":0,"11":1,"12":7,"13":8,"14":3,"15":8,"16":8},"f":{"0":7,"1":1,"2":0,"3":3},"b":{}}
,"D:/RS_School/2023/REACT2023Q1/rss-react/src/components/Header/Header.test.tsx": {"path":"D:/RS_School/2023/REACT2023Q1/rss-react/src/components/Header/Header.test.tsx","statementMap":{},"fnMap":{},"branchMap":{},"s":{},"f":{},"b":{}}
,"D:/RS_School/2023/REACT2023Q1/rss-react/src/components/Header/Header.tsx": {"path":"D:/RS_School/2023/REACT2023Q1/rss-react/src/components/Header/Header.tsx","statementMap":{"0":{"start":{"line":4,"column":15},"end":{"line":46,"column":2}},"1":{"start":{"line":4,"column":21},"end":{"line":4,"column":null}},"2":{"start":{"line":5,"column":28},"end":{"line":5,"column":null}},"3":{"start":{"line":7,"column":22},"end":{"line":9,"column":null}},"4":{"start":{"line":8,"column":4},"end":{"line":8,"column":null}},"5":{"start":{"line":11,"column":2},"end":{"line":26,"column":null}},"6":{"start":{"line":12,"column":4},"end":{"line":24,"column":null}},"7":{"start":{"line":14,"column":8},"end":{"line":14,"column":null}},"8":{"start":{"line":15,"column":8},"end":{"line":15,"column":null}},"9":{"start":{"line":17,"column":8},"end":{"line":17,"column":null}},"10":{"start":{"line":18,"column":8},"end":{"line":18,"column":null}},"11":{"start":{"line":20,"column":8},"end":{"line":20,"column":null}},"12":{"start":{"line":21,"column":8},"end":{"line":21,"column":null}},"13":{"start":{"line":23,"column":8},"end":{"line":23,"column":null}},"14":{"start":{"line":24,"column":8},"end":{"line":24,"column":14}},"15":{"start":{"line":28,"column":2},"end":{"line":44,"column":null}},"16":{"start":{"line":33,"column":38},"end":{"line":33,"column":64}},"17":{"start":{"line":36,"column":43},"end":{"line":36,"column":70}},"18":{"start":{"line":39,"column":42},"end":{"line":39,"column":68}},"19":{"start":{"line":46,"column":2},"end":{"line":4,"column":15}},"20":{"start":{"line":4,"column":12},"end":{"line":null,"column":-1}},"21":{"start":{"line":48,"column":22},"end":{"line":48,"column":null}}},"fnMap":{"0":{"name":"(anonymous_1)","decl":{"start":{"line":4,"column":15},"end":{"line":4,"column":21}},"loc":{"start":{"line":4,"column":21},"end":{"line":46,"column":2}}},"1":{"name":"(anonymous_2)","decl":{"start":{"line":7,"column":22},"end":{"line":7,"column":23}},"loc":{"start":{"line":7,"column":39},"end":{"line":9,"column":null}}},"2":{"name":"(anonymous_3)","decl":{"start":{"line":11,"column":12},"end":{"line":11,"column":18}},"loc":{"start":{"line":11,"column":18},"end":{"line":26,"column":5}}},"3":{"name":"(anonymous_4)","decl":{"start":{"line":33,"column":32},"end":{"line":33,"column":38}},"loc":{"start":{"line":33,"column":38},"end":{"line":33,"column":64}}},"4":{"name":"(anonymous_5)","decl":{"start":{"line":36,"column":37},"end":{"line":36,"column":43}},"loc":{"start":{"line":36,"column":43},"end":{"line":36,"column":70}}},"5":{"name":"(anonymous_6)","decl":{"start":{"line":39,"column":36},"end":{"line":39,"column":42}},"loc":{"start":{"line":39,"column":42},"end":{"line":39,"column":68}}}},"branchMap":{"0":{"loc":{"start":{"line":12,"column":4},"end":{"line":24,"column":null}},"type":"switch","locations":[{"start":{"line":13,"column":6},"end":{"line":15,"column":null}},{"start":{"line":16,"column":6},"end":{"line":18,"column":null}},{"start":{"line":19,"column":6},"end":{"line":21,"column":null}},{"start":{"line":22,"column":6},"end":{"line":24,"column":14}}]}},"s":{"0":8,"1":17,"2":17,"3":15,"4":0,"5":15,"6":6,"7":2,"8":2,"9":1,"10":1,"11":3,"12":3,"13":0,"14":0,"15":15,"16":0,"17":0,"18":0,"19":8,"20":8,"21":8},"f":{"0":17,"1":0,"2":6,"3":0,"4":0,"5":0},"b":{"0":[2,1,3,0]}}
,"D:/RS_School/2023/REACT2023Q1/rss-react/src/components/InputCheckbox/InputCheckbox.test.tsx": {"path":"D:/RS_School/2023/REACT2023Q1/rss-react/src/components/InputCheckbox/InputCheckbox.test.tsx","statementMap":{},"fnMap":{},"branchMap":{},"s":{},"f":{},"b":{}}
,"D:/RS_School/2023/REACT2023Q1/rss-react/src/components/InputCheckbox/InputCheckbox.tsx": {"path":"D:/RS_School/2023/REACT2023Q1/rss-react/src/components/InputCheckbox/InputCheckbox.tsx","statementMap":{"0":{"start":{"line":1,"column":25},"end":{"line":1,"column":null}},"1":{"start":{"line":10,"column":22},"end":{"line":26,"column":2}},"2":{"start":{"line":11,"column":2},"end":{"line":24,"column":null}},"3":{"start":{"line":26,"column":2},"end":{"line":10,"column":22}},"4":{"start":{"line":28,"column":29},"end":{"line":28,"column":null}}},"fnMap":{"0":{"name":"(anonymous_0)","decl":{"start":{"line":1,"column":25},"end":{"line":1,"column":null}},"loc":{"start":{"line":1,"column":25},"end":{"line":1,"column":null}}},"1":{"name":"(anonymous_1)","decl":{"start":{"line":10,"column":22},"end":{"line":10,"column":23}},"loc":{"start":{"line":10,"column":67},"end":{"line":26,"column":2}}}},"branchMap":{"0":{"loc":{"start":{"line":1,"column":25},"end":{"line":1,"column":null}},"type":"if","locations":[{"start":{"line":1,"column":25},"end":{"line":1,"column":null}}]},"1":{"loc":{"start":{"line":19,"column":7},"end":{"line":22,"column":null}},"type":"cond-expr","locations":[{"start":{"line":20,"column":8},"end":{"line":20,"column":null}},{"start":{"line":22,"column":8},"end":{"line":22,"column":null}}]}},"s":{"0":56,"1":8,"2":7,"3":8,"4":8},"f":{"0":8,"1":7},"b":{"0":[8],"1":[1,6]}}
,"D:/RS_School/2023/REACT2023Q1/rss-react/src/components/InputDate/InputDate.test.tsx": {"path":"D:/RS_School/2023/REACT2023Q1/rss-react/src/components/InputDate/InputDate.test.tsx","statementMap":{},"fnMap":{},"branchMap":{},"s":{},"f":{},"b":{}}
,"D:/RS_School/2023/REACT2023Q1/rss-react/src/components/InputDate/InputDate.tsx": {"path":"D:/RS_School/2023/REACT2023Q1/rss-react/src/components/InputDate/InputDate.tsx","statementMap":{"0":{"start":{"line":1,"column":25},"end":{"line":1,"column":null}},"1":{"start":{"line":10,"column":18},"end":{"line":38,"column":2}},"2":{"start":{"line":11,"column":27},"end":{"line":15,"column":null}},"3":{"start":{"line":12,"column":21},"end":{"line":12,"column":null}},"4":{"start":{"line":13,"column":10},"end":{"line":13,"column":null}},"5":{"start":{"line":14,"column":4},"end":{"line":14,"column":null}},"6":{"start":{"line":17,"column":2},"end":{"line":36,"column":null}},"7":{"start":{"line":27,"column":33},"end":{"line":27,"column":null}},"8":{"start":{"line":38,"column":2},"end":{"line":10,"column":18}},"9":{"start":{"line":40,"column":25},"end":{"line":40,"column":null}}},"fnMap":{"0":{"name":"(anonymous_0)","decl":{"start":{"line":1,"column":25},"end":{"line":1,"column":null}},"loc":{"start":{"line":1,"column":25},"end":{"line":1,"column":null}}},"1":{"name":"(anonymous_1)","decl":{"start":{"line":10,"column":18},"end":{"line":10,"column":19}},"loc":{"start":{"line":10,"column":59},"end":{"line":38,"column":2}}},"2":{"name":"(anonymous_2)","decl":{"start":{"line":11,"column":27},"end":{"line":11,"column":28}},"loc":{"start":{"line":11,"column":46},"end":{"line":15,"column":null}}},"3":{"name":"(anonymous_3)","decl":{"start":{"line":27,"column":23},"end":{"line":27,"column":33}},"loc":{"start":{"line":27,"column":33},"end":{"line":27,"column":null}}}},"branchMap":{"0":{"loc":{"start":{"line":1,"column":25},"end":{"line":1,"column":null}},"type":"if","locations":[{"start":{"line":1,"column":25},"end":{"line":1,"column":null}}]},"1":{"loc":{"start":{"line":31,"column":7},"end":{"line":34,"column":null}},"type":"cond-expr","locations":[{"start":{"line":32,"column":8},"end":{"line":32,"column":null}},{"start":{"line":34,"column":8},"end":{"line":34,"column":null}}]},"2":{"loc":{"start":{"line":32,"column":37},"end":{"line":32,"column":84}},"type":"binary-expr","locations":[{"start":{"line":32,"column":37},"end":{"line":32,"column":63}},{"start":{"line":32,"column":63},"end":{"line":32,"column":84}}]}},"s":{"0":56,"1":8,"2":7,"3":4,"4":4,"5":4,"6":7,"7":4,"8":8,"9":8},"f":{"0":8,"1":7,"2":4,"3":4},"b":{"0":[8],"1":[1,6],"2":[1,1]}}
,"D:/RS_School/2023/REACT2023Q1/rss-react/src/components/InputFile/InputFile.test.tsx": {"path":"D:/RS_School/2023/REACT2023Q1/rss-react/src/components/InputFile/InputFile.test.tsx","statementMap":{},"fnMap":{},"branchMap":{},"s":{},"f":{},"b":{}}
,"D:/RS_School/2023/REACT2023Q1/rss-react/src/components/InputFile/InputFile.tsx": {"path":"D:/RS_School/2023/REACT2023Q1/rss-react/src/components/InputFile/InputFile.tsx","statementMap":{"0":{"start":{"line":1,"column":25},"end":{"line":1,"column":null}},"1":{"start":{"line":10,"column":18},"end":{"line":35,"column":2}},"2":{"start":{"line":11,"column":24},"end":{"line":13,"column":null}},"3":{"start":{"line":12,"column":4},"end":{"line":12,"column":null}},"4":{"start":{"line":14,"column":2},"end":{"line":33,"column":null}},"5":{"start":{"line":24,"column":33},"end":{"line":24,"column":null}},"6":{"start":{"line":35,"column":2},"end":{"line":10,"column":18}},"7":{"start":{"line":37,"column":25},"end":{"line":37,"column":null}}},"fnMap":{"0":{"name":"(anonymous_0)","decl":{"start":{"line":1,"column":25},"end":{"line":1,"column":null}},"loc":{"start":{"line":1,"column":25},"end":{"line":1,"column":null}}},"1":{"name":"(anonymous_1)","decl":{"start":{"line":10,"column":18},"end":{"line":10,"column":19}},"loc":{"start":{"line":10,"column":59},"end":{"line":35,"column":2}}},"2":{"name":"(anonymous_2)","decl":{"start":{"line":11,"column":24},"end":{"line":11,"column":25}},"loc":{"start":{"line":11,"column":45},"end":{"line":13,"column":null}}},"3":{"name":"(anonymous_3)","decl":{"start":{"line":24,"column":23},"end":{"line":24,"column":33}},"loc":{"start":{"line":24,"column":33},"end":{"line":24,"column":null}}}},"branchMap":{"0":{"loc":{"start":{"line":1,"column":25},"end":{"line":1,"column":null}},"type":"if","locations":[{"start":{"line":1,"column":25},"end":{"line":1,"column":null}}]},"1":{"loc":{"start":{"line":28,"column":7},"end":{"line":31,"column":null}},"type":"cond-expr","locations":[{"start":{"line":29,"column":8},"end":{"line":29,"column":null}},{"start":{"line":31,"column":8},"end":{"line":31,"column":null}}]},"2":{"loc":{"start":{"line":29,"column":37},"end":{"line":29,"column":75}},"type":"binary-expr","locations":[{"start":{"line":29,"column":37},"end":{"line":29,"column":60}},{"start":{"line":29,"column":60},"end":{"line":29,"column":75}}]}},"s":{"0":56,"1":8,"2":7,"3":1,"4":7,"5":1,"6":8,"7":8},"f":{"0":8,"1":7,"2":1,"3":1},"b":{"0":[8],"1":[1,6],"2":[1,0]}}
,"D:/RS_School/2023/REACT2023Q1/rss-react/src/components/InputRadio/InputRadio.test.tsx": {"path":"D:/RS_School/2023/REACT2023Q1/rss-react/src/components/InputRadio/InputRadio.test.tsx","statementMap":{},"fnMap":{},"branchMap":{},"s":{},"f":{},"b":{}}
,"D:/RS_School/2023/REACT2023Q1/rss-react/src/components/InputRadio/InputRadio.tsx": {"path":"D:/RS_School/2023/REACT2023Q1/rss-react/src/components/InputRadio/InputRadio.tsx","statementMap":{"0":{"start":{"line":1,"column":25},"end":{"line":1,"column":null}},"1":{"start":{"line":10,"column":19},"end":{"line":43,"column":2}},"2":{"start":{"line":11,"column":2},"end":{"line":41,"column":null}},"3":{"start":{"line":43,"column":2},"end":{"line":10,"column":19}},"4":{"start":{"line":45,"column":26},"end":{"line":45,"column":null}}},"fnMap":{"0":{"name":"(anonymous_0)","decl":{"start":{"line":1,"column":25},"end":{"line":1,"column":null}},"loc":{"start":{"line":1,"column":25},"end":{"line":1,"column":null}}},"1":{"name":"(anonymous_1)","decl":{"start":{"line":10,"column":19},"end":{"line":10,"column":20}},"loc":{"start":{"line":10,"column":61},"end":{"line":43,"column":2}}}},"branchMap":{"0":{"loc":{"start":{"line":1,"column":25},"end":{"line":1,"column":null}},"type":"if","locations":[{"start":{"line":1,"column":25},"end":{"line":1,"column":null}}]},"1":{"loc":{"start":{"line":36,"column":7},"end":{"line":39,"column":null}},"type":"cond-expr","locations":[{"start":{"line":37,"column":8},"end":{"line":37,"column":null}},{"start":{"line":39,"column":8},"end":{"line":39,"column":null}}]}},"s":{"0":56,"1":8,"2":7,"3":8,"4":8},"f":{"0":8,"1":7},"b":{"0":[8],"1":[1,6]}}
,"D:/RS_School/2023/REACT2023Q1/rss-react/src/components/InputText/InputText.test.tsx": {"path":"D:/RS_School/2023/REACT2023Q1/rss-react/src/components/InputText/InputText.test.tsx","statementMap":{},"fnMap":{},"branchMap":{},"s":{},"f":{},"b":{}}
,"D:/RS_School/2023/REACT2023Q1/rss-react/src/components/InputText/InputText.tsx": {"path":"D:/RS_School/2023/REACT2023Q1/rss-react/src/components/InputText/InputText.tsx","statementMap":{"0":{"start":{"line":1,"column":25},"end":{"line":1,"column":null}},"1":{"start":{"line":10,"column":18},"end":{"line":37,"column":2}},"2":{"start":{"line":11,"column":2},"end":{"line":35,"column":null}},"3":{"start":{"line":37,"column":2},"end":{"line":10,"column":18}},"4":{"start":{"line":39,"column":25},"end":{"line":39,"column":null}}},"fnMap":{"0":{"name":"(anonymous_0)","decl":{"start":{"line":1,"column":25},"end":{"line":1,"column":null}},"loc":{"start":{"line":1,"column":25},"end":{"line":1,"column":null}}},"1":{"name":"(anonymous_1)","decl":{"start":{"line":10,"column":18},"end":{"line":10,"column":19}},"loc":{"start":{"line":10,"column":59},"end":{"line":37,"column":2}}}},"branchMap":{"0":{"loc":{"start":{"line":1,"column":25},"end":{"line":1,"column":null}},"type":"if","locations":[{"start":{"line":1,"column":25},"end":{"line":1,"column":null}}]},"1":{"loc":{"start":{"line":30,"column":7},"end":{"line":33,"column":null}},"type":"cond-expr","locations":[{"start":{"line":31,"column":8},"end":{"line":31,"column":null}},{"start":{"line":33,"column":8},"end":{"line":33,"column":null}}]}},"s":{"0":56,"1":8,"2":7,"3":8,"4":8},"f":{"0":8,"1":7},"b":{"0":[8],"1":[2,5]}}
,"D:/RS_School/2023/REACT2023Q1/rss-react/src/components/Layout/Layout.test.tsx": {"path":"D:/RS_School/2023/REACT2023Q1/rss-react/src/components/Layout/Layout.test.tsx","statementMap":{},"fnMap":{},"branchMap":{},"s":{},"f":{},"b":{}}
,"D:/RS_School/2023/REACT2023Q1/rss-react/src/components/Layout/Layout.tsx": {"path":"D:/RS_School/2023/REACT2023Q1/rss-react/src/components/Layout/Layout.tsx","statementMap":{"0":{"start":{"line":1,"column":25},"end":{"line":1,"column":null}},"1":{"start":{"line":6,"column":15},"end":{"line":16,"column":2}},"2":{"start":{"line":7,"column":2},"end":{"line":14,"column":null}},"3":{"start":{"line":16,"column":2},"end":{"line":6,"column":15}},"4":{"start":{"line":18,"column":22},"end":{"line":18,"column":null}}},"fnMap":{"0":{"name":"(anonymous_0)","decl":{"start":{"line":1,"column":25},"end":{"line":1,"column":null}},"loc":{"start":{"line":1,"column":25},"end":{"line":1,"column":null}}},"1":{"name":"(anonymous_1)","decl":{"start":{"line":6,"column":15},"end":{"line":6,"column":21}},"loc":{"start":{"line":6,"column":21},"end":{"line":16,"column":2}}}},"branchMap":{"0":{"loc":{"start":{"line":1,"column":25},"end":{"line":1,"column":null}},"type":"if","locations":[{"start":{"line":1,"column":25},"end":{"line":1,"column":null}}]}},"s":{"0":56,"1":8,"2":12,"3":8,"4":8},"f":{"0":8,"1":12},"b":{"0":[8]}}
,"D:/RS_School/2023/REACT2023Q1/rss-react/src/components/Modal/Modal.test.tsx": {"path":"D:/RS_School/2023/REACT2023Q1/rss-react/src/components/Modal/Modal.test.tsx","statementMap":{},"fnMap":{},"branchMap":{},"s":{},"f":{},"b":{}}
,"D:/RS_School/2023/REACT2023Q1/rss-react/src/components/Modal/Modal.tsx": {"path":"D:/RS_School/2023/REACT2023Q1/rss-react/src/components/Modal/Modal.tsx","statementMap":{"0":{"start":{"line":11,"column":14},"end":{"line":54,"column":2}},"1":{"start":{"line":11,"column":49},"end":{"line":11,"column":null}},"2":{"start":{"line":12,"column":17},"end":{"line":12,"column":null}},"3":{"start":{"line":12,"column":43},"end":{"line":12,"column":69}},"4":{"start":{"line":13,"column":19},"end":{"line":13,"column":null}},"5":{"start":{"line":14,"column":22},"end":{"line":14,"column":null}},"6":{"start":{"line":16,"column":22},"end":{"line":18,"column":null}},"7":{"start":{"line":17,"column":4},"end":{"line":17,"column":null}},"8":{"start":{"line":20,"column":2},"end":{"line":52,"column":null}},"9":{"start":{"line":23,"column":21},"end":{"line":23,"column":null}},"10":{"start":{"line":28,"column":56},"end":{"line":28,"column":null}},"11":{"start":{"line":29,"column":55},"end":{"line":29,"column":70}},"12":{"start":{"line":54,"column":2},"end":{"line":13,"column":null}},"13":{"start":{"line":11,"column":11},"end":{"line":13,"column":null}},"14":{"start":{"line":13,"column":33},"end":{"line":11,"column":11}},"15":{"start":{"line":56,"column":21},"end":{"line":56,"column":null}}},"fnMap":{"0":{"name":"(anonymous_1)","decl":{"start":{"line":11,"column":14},"end":{"line":11,"column":15}},"loc":{"start":{"line":11,"column":49},"end":{"line":54,"column":2}}},"1":{"name":"(anonymous_2)","decl":{"start":{"line":12,"column":33},"end":{"line":12,"column":43}},"loc":{"start":{"line":12,"column":43},"end":{"line":12,"column":69}}},"2":{"name":"(anonymous_3)","decl":{"start":{"line":16,"column":22},"end":{"line":16,"column":28}},"loc":{"start":{"line":16,"column":28},"end":{"line":18,"column":null}}},"3":{"name":"(anonymous_4)","decl":{"start":{"line":23,"column":15},"end":{"line":23,"column":21}},"loc":{"start":{"line":23,"column":21},"end":{"line":23,"column":null}}},"4":{"name":"(anonymous_5)","decl":{"start":{"line":28,"column":50},"end":{"line":28,"column":56}},"loc":{"start":{"line":28,"column":56},"end":{"line":28,"column":null}}},"5":{"name":"(anonymous_6)","decl":{"start":{"line":29,"column":49},"end":{"line":29,"column":55}},"loc":{"start":{"line":29,"column":55},"end":{"line":29,"column":70}}},"6":{"name":"(anonymous_7)","decl":{"start":{"line":11,"column":11},"end":{"line":11,"column":14}},"loc":{"start":{"line":11,"column":11},"end":{"line":13,"column":null}}}},"branchMap":{"0":{"loc":{"start":{"line":22,"column":17},"end":{"line":22,"column":null}},"type":"cond-expr","locations":[{"start":{"line":22,"column":26},"end":{"line":22,"column":43}},{"start":{"line":22,"column":43},"end":{"line":22,"column":null}}]},"1":{"loc":{"start":{"line":26,"column":7},"end":{"line":26,"column":null}},"type":"binary-expr","locations":[{"start":{"line":26,"column":7},"end":{"line":26,"column":18}},{"start":{"line":26,"column":18},"end":{"line":26,"column":null}}]},"2":{"loc":{"start":{"line":27,"column":7},"end":{"line":50,"column":null}},"type":"binary-expr","locations":[{"start":{"line":27,"column":7},"end":{"line":27,"column":null}},{"start":{"line":28,"column":8},"end":{"line":50,"column":null}}]}},"s":{"0":8,"1":11,"2":11,"3":20,"4":11,"5":11,"6":11,"7":0,"8":11,"9":0,"10":0,"11":0,"12":8,"13":4,"14":8,"15":8},"f":{"0":11,"1":20,"2":0,"3":0,"4":0,"5":0,"6":4},"b":{"0":[0,11],"1":[11,2],"2":[11,0]}}
,"D:/RS_School/2023/REACT2023Q1/rss-react/src/components/Search/Search.test.tsx": {"path":"D:/RS_School/2023/REACT2023Q1/rss-react/src/components/Search/Search.test.tsx","statementMap":{},"fnMap":{},"branchMap":{},"s":{},"f":{},"b":{}}
,"D:/RS_School/2023/REACT2023Q1/rss-react/src/components/Search/Search.tsx": {"path":"D:/RS_School/2023/REACT2023Q1/rss-react/src/components/Search/Search.tsx","statementMap":{"0":{"start":{"line":5,"column":15},"end":{"line":34,"column":2}},"1":{"start":{"line":5,"column":21},"end":{"line":5,"column":null}},"2":{"start":{"line":6,"column":19},"end":{"line":6,"column":null}},"3":{"start":{"line":7,"column":17},"end":{"line":7,"column":null}},"4":{"start":{"line":7,"column":43},"end":{"line":7,"column":67}},"5":{"start":{"line":8,"column":20},"end":{"line":8,"column":null}},"6":{"start":{"line":9,"column":40},"end":{"line":9,"column":null}},"7":{"start":{"line":11,"column":23},"end":{"line":13,"column":null}},"8":{"start":{"line":12,"column":4},"end":{"line":12,"column":null}},"9":{"start":{"line":15,"column":23},"end":{"line":18,"column":null}},"10":{"start":{"line":16,"column":4},"end":{"line":16,"column":null}},"11":{"start":{"line":17,"column":4},"end":{"line":17,"column":null}},"12":{"start":{"line":20,"column":2},"end":{"line":32,"column":null}},"13":{"start":{"line":21,"column":27},"end":{"line":21,"column":null}},"14":{"start":{"line":28,"column":27},"end":{"line":28,"column":43}},"15":{"start":{"line":34,"column":2},"end":{"line":7,"column":33}},"16":{"start":{"line":5,"column":12},"end":{"line":7,"column":33}},"17":{"start":{"line":7,"column":31},"end":{"line":5,"column":12}},"18":{"start":{"line":36,"column":22},"end":{"line":36,"column":null}}},"fnMap":{"0":{"name":"(anonymous_1)","decl":{"start":{"line":5,"column":15},"end":{"line":5,"column":21}},"loc":{"start":{"line":5,"column":21},"end":{"line":34,"column":2}}},"1":{"name":"(anonymous_2)","decl":{"start":{"line":7,"column":33},"end":{"line":7,"column":43}},"loc":{"start":{"line":7,"column":43},"end":{"line":7,"column":67}}},"2":{"name":"(anonymous_3)","decl":{"start":{"line":11,"column":23},"end":{"line":11,"column":24}},"loc":{"start":{"line":11,"column":67},"end":{"line":13,"column":null}}},"3":{"name":"(anonymous_4)","decl":{"start":{"line":15,"column":23},"end":{"line":15,"column":24}},"loc":{"start":{"line":15,"column":68},"end":{"line":18,"column":null}}},"4":{"name":"(anonymous_5)","decl":{"start":{"line":21,"column":21},"end":{"line":21,"column":27}},"loc":{"start":{"line":21,"column":27},"end":{"line":21,"column":null}}},"5":{"name":"(anonymous_6)","decl":{"start":{"line":28,"column":21},"end":{"line":28,"column":27}},"loc":{"start":{"line":28,"column":27},"end":{"line":28,"column":43}}},"6":{"name":"(anonymous_7)","decl":{"start":{"line":5,"column":12},"end":{"line":5,"column":15}},"loc":{"start":{"line":5,"column":12},"end":{"line":7,"column":33}}}},"branchMap":{"0":{"loc":{"start":{"line":27,"column":17},"end":{"line":27,"column":null}},"type":"binary-expr","locations":[{"start":{"line":27,"column":17},"end":{"line":27,"column":32}},{"start":{"line":27,"column":32},"end":{"line":27,"column":null}}]}},"s":{"0":8,"1":22,"2":22,"3":22,"4":31,"5":22,"6":22,"7":22,"8":11,"9":22,"10":1,"11":1,"12":22,"13":1,"14":11,"15":8,"16":4,"17":8,"18":8},"f":{"0":22,"1":31,"2":11,"3":1,"4":1,"5":11,"6":4},"b":{"0":[22,8]}}
,"D:/RS_School/2023/REACT2023Q1/rss-react/src/components/Select/Select.test.tsx": {"path":"D:/RS_School/2023/REACT2023Q1/rss-react/src/components/Select/Select.test.tsx","statementMap":{},"fnMap":{},"branchMap":{},"s":{},"f":{},"b":{}}
,"D:/RS_School/2023/REACT2023Q1/rss-react/src/components/Select/Select.tsx": {"path":"D:/RS_School/2023/REACT2023Q1/rss-react/src/components/Select/Select.tsx","statementMap":{"0":{"start":{"line":1,"column":25},"end":{"line":1,"column":null}},"1":{"start":{"line":10,"column":16},"end":{"line":22,"column":null}},"2":{"start":{"line":25,"column":15},"end":{"line":45,"column":2}},"3":{"start":{"line":26,"column":2},"end":{"line":43,"column":null}},"4":{"start":{"line":32,"column":12},"end":{"line":34,"column":null}},"5":{"start":{"line":45,"column":2},"end":{"line":25,"column":15}},"6":{"start":{"line":47,"column":22},"end":{"line":47,"column":null}}},"fnMap":{"0":{"name":"(anonymous_0)","decl":{"start":{"line":1,"column":25},"end":{"line":1,"column":null}},"loc":{"start":{"line":1,"column":25},"end":{"line":1,"column":null}}},"1":{"name":"(anonymous_1)","decl":{"start":{"line":25,"column":15},"end":{"line":25,"column":16}},"loc":{"start":{"line":25,"column":53},"end":{"line":45,"column":2}}},"2":{"name":"(anonymous_2)","decl":{"start":{"line":31,"column":23},"end":{"line":31,"column":24}},"loc":{"start":{"line":32,"column":12},"end":{"line":34,"column":null}}}},"branchMap":{"0":{"loc":{"start":{"line":1,"column":25},"end":{"line":1,"column":null}},"type":"if","locations":[{"start":{"line":1,"column":25},"end":{"line":1,"column":null}}]},"1":{"loc":{"start":{"line":38,"column":7},"end":{"line":41,"column":null}},"type":"cond-expr","locations":[{"start":{"line":39,"column":8},"end":{"line":39,"column":null}},{"start":{"line":41,"column":8},"end":{"line":41,"column":null}}]}},"s":{"0":56,"1":8,"2":8,"3":7,"4":84,"5":8,"6":8},"f":{"0":8,"1":7,"2":84},"b":{"0":[8],"1":[1,6]}}
,"D:/RS_School/2023/REACT2023Q1/rss-react/src/hook/redux.ts": {"path":"D:/RS_School/2023/REACT2023Q1/rss-react/src/hook/redux.ts","statementMap":{"0":{"start":{"line":4,"column":49},"end":{"line":4,"column":null}},"1":{"start":{"line":5,"column":63},"end":{"line":5,"column":null}}},"fnMap":{},"branchMap":{},"s":{"0":8,"1":8},"f":{},"b":{}}
,"D:/RS_School/2023/REACT2023Q1/rss-react/src/pages/AboutPage/AboutPage.test.tsx": {"path":"D:/RS_School/2023/REACT2023Q1/rss-react/src/pages/AboutPage/AboutPage.test.tsx","statementMap":{},"fnMap":{},"branchMap":{},"s":{},"f":{},"b":{}}
,"D:/RS_School/2023/REACT2023Q1/rss-react/src/pages/AboutPage/AboutPage.tsx": {"path":"D:/RS_School/2023/REACT2023Q1/rss-react/src/pages/AboutPage/AboutPage.tsx","statementMap":{"0":{"start":{"line":1,"column":25},"end":{"line":1,"column":null}},"1":{"start":{"line":3,"column":18},"end":{"line":5,"column":2}},"2":{"start":{"line":4,"column":2},"end":{"line":4,"column":null}},"3":{"start":{"line":5,"column":2},"end":{"line":3,"column":18}},"4":{"start":{"line":7,"column":25},"end":{"line":7,"column":null}}},"fnMap":{"0":{"name":"(anonymous_0)","decl":{"start":{"line":1,"column":25},"end":{"line":1,"column":null}},"loc":{"start":{"line":1,"column":25},"end":{"line":1,"column":null}}},"1":{"name":"(anonymous_1)","decl":{"start":{"line":3,"column":18},"end":{"line":3,"column":24}},"loc":{"start":{"line":3,"column":24},"end":{"line":5,"column":2}}}},"branchMap":{"0":{"loc":{"start":{"line":1,"column":25},"end":{"line":1,"column":null}},"type":"if","locations":[{"start":{"line":1,"column":25},"end":{"line":1,"column":null}}]}},"s":{"0":56,"1":8,"2":1,"3":8,"4":8},"f":{"0":8,"1":1},"b":{"0":[8]}}
,"D:/RS_School/2023/REACT2023Q1/rss-react/src/pages/FormPage/FormPage.test.tsx": {"path":"D:/RS_School/2023/REACT2023Q1/rss-react/src/pages/FormPage/FormPage.test.tsx","statementMap":{},"fnMap":{},"branchMap":{},"s":{},"f":{},"b":{}}
,"D:/RS_School/2023/REACT2023Q1/rss-react/src/pages/FormPage/FormPage.tsx": {"path":"D:/RS_School/2023/REACT2023Q1/rss-react/src/pages/FormPage/FormPage.tsx","statementMap":{"0":{"start":{"line":6,"column":17},"end":{"line":34,"column":2}},"1":{"start":{"line":6,"column":23},"end":{"line":6,"column":null}},"2":{"start":{"line":7,"column":28},"end":{"line":7,"column":null}},"3":{"start":{"line":7,"column":54},"end":{"line":7,"column":71}},"4":{"start":{"line":9,"column":2},"end":{"line":32,"column":null}},"5":{"start":{"line":28,"column":12},"end":{"line":28,"column":null}},"6":{"start":{"line":34,"column":2},"end":{"line":7,"column":44}},"7":{"start":{"line":6,"column":14},"end":{"line":7,"column":44}},"8":{"start":{"line":7,"column":42},"end":{"line":6,"column":14}},"9":{"start":{"line":36,"column":24},"end":{"line":36,"column":null}}},"fnMap":{"0":{"name":"(anonymous_1)","decl":{"start":{"line":6,"column":17},"end":{"line":6,"column":23}},"loc":{"start":{"line":6,"column":23},"end":{"line":34,"column":2}}},"1":{"name":"(anonymous_2)","decl":{"start":{"line":7,"column":44},"end":{"line":7,"column":54}},"loc":{"start":{"line":7,"column":54},"end":{"line":7,"column":71}}},"2":{"name":"(anonymous_3)","decl":{"start":{"line":27,"column":21},"end":{"line":27,"column":22}},"loc":{"start":{"line":28,"column":12},"end":{"line":28,"column":null}}},"3":{"name":"(anonymous_4)","decl":{"start":{"line":6,"column":14},"end":{"line":6,"column":17}},"loc":{"start":{"line":6,"column":14},"end":{"line":7,"column":44}}}},"branchMap":{"0":{"loc":{"start":{"line":12,"column":7},"end":{"line":18,"column":null}},"type":"binary-expr","locations":[{"start":{"line":12,"column":7},"end":{"line":12,"column":null}},{"start":{"line":13,"column":8},"end":{"line":18,"column":null}}]},"1":{"loc":{"start":{"line":21,"column":7},"end":{"line":30,"column":null}},"type":"cond-expr","locations":[{"start":{"line":22,"column":8},"end":{"line":24,"column":null}},{"start":{"line":26,"column":8},"end":{"line":30,"column":null}}]},"2":{"loc":{"start":{"line":21,"column":7},"end":{"line":21,"column":null}},"type":"binary-expr","locations":[{"start":{"line":21,"column":7},"end":{"line":21,"column":17}},{"start":{"line":21,"column":17},"end":{"line":21,"column":null}}]}},"s":{"0":8,"1":4,"2":4,"3":6,"4":4,"5":1,"6":8,"7":3,"8":8,"9":8},"f":{"0":4,"1":6,"2":1,"3":3},"b":{"0":[4,1],"1":[3,1],"2":[4,4]}}
,"D:/RS_School/2023/REACT2023Q1/rss-react/src/pages/HomePage/HomePage.test.tsx": {"path":"D:/RS_School/2023/REACT2023Q1/rss-react/src/pages/HomePage/HomePage.test.tsx","statementMap":{},"fnMap":{},"branchMap":{},"s":{},"f":{},"b":{}}
,"D:/RS_School/2023/REACT2023Q1/rss-react/src/pages/HomePage/HomePage.tsx": {"path":"D:/RS_School/2023/REACT2023Q1/rss-react/src/pages/HomePage/HomePage.tsx","statementMap":{"0":{"start":{"line":8,"column":17},"end":{"line":37,"column":2}},"1":{"start":{"line":8,"column":23},"end":{"line":8,"column":null}},"2":{"start":{"line":9,"column":32},"end":{"line":9,"column":null}},"3":{"start":{"line":9,"column":58},"end":{"line":9,"column":76}},"4":{"start":{"line":10,"column":61},"end":{"line":11,"column":null}},"5":{"start":{"line":11,"column":15},"end":{"line":11,"column":29}},"6":{"start":{"line":14,"column":19},"end":{"line":14,"column":null}},"7":{"start":{"line":16,"column":2},"end":{"line":18,"column":null}},"8":{"start":{"line":17,"column":4},"end":{"line":17,"column":null}},"9":{"start":{"line":20,"column":2},"end":{"line":22,"column":null}},"10":{"start":{"line":21,"column":4},"end":{"line":21,"column":null}},"11":{"start":{"line":24,"column":2},"end":{"line":35,"column":null}},"12":{"start":{"line":32,"column":37},"end":{"line":32,"column":71}},"13":{"start":{"line":37,"column":2},"end":{"line":14,"column":null}},"14":{"start":{"line":8,"column":14},"end":{"line":14,"column":null}},"15":{"start":{"line":14,"column":33},"end":{"line":8,"column":14}},"16":{"start":{"line":39,"column":24},"end":{"line":39,"column":null}}},"fnMap":{"0":{"name":"(anonymous_1)","decl":{"start":{"line":8,"column":17},"end":{"line":8,"column":23}},"loc":{"start":{"line":8,"column":23},"end":{"line":37,"column":2}}},"1":{"name":"(anonymous_2)","decl":{"start":{"line":9,"column":48},"end":{"line":9,"column":58}},"loc":{"start":{"line":9,"column":58},"end":{"line":9,"column":76}}},"2":{"name":"(anonymous_3)","decl":{"start":{"line":11,"column":5},"end":{"line":11,"column":15}},"loc":{"start":{"line":11,"column":15},"end":{"line":11,"column":29}}},"3":{"name":"(anonymous_4)","decl":{"start":{"line":16,"column":12},"end":{"line":16,"column":18}},"loc":{"start":{"line":16,"column":18},"end":{"line":18,"column":5}}},"4":{"name":"(anonymous_5)","decl":{"start":{"line":20,"column":12},"end":{"line":20,"column":18}},"loc":{"start":{"line":20,"column":18},"end":{"line":22,"column":5}}},"5":{"name":"(anonymous_6)","decl":{"start":{"line":32,"column":28},"end":{"line":32,"column":37}},"loc":{"start":{"line":32,"column":37},"end":{"line":32,"column":71}}},"6":{"name":"(anonymous_7)","decl":{"start":{"line":8,"column":14},"end":{"line":8,"column":17}},"loc":{"start":{"line":8,"column":14},"end":{"line":14,"column":null}}}},"branchMap":{"0":{"loc":{"start":{"line":28,"column":9},"end":{"line":28,"column":null}},"type":"binary-expr","locations":[{"start":{"line":28,"column":9},"end":{"line":28,"column":22}},{"start":{"line":28,"column":22},"end":{"line":28,"column":null}}]},"1":{"loc":{"start":{"line":29,"column":9},"end":{"line":29,"column":null}},"type":"binary-expr","locations":[{"start":{"line":29,"column":9},"end":{"line":29,"column":20}},{"start":{"line":29,"column":20},"end":{"line":29,"column":null}}]},"2":{"loc":{"start":{"line":30,"column":9},"end":{"line":32,"column":null}},"type":"binary-expr","locations":[{"start":{"line":30,"column":9},"end":{"line":30,"column":null}},{"start":{"line":31,"column":10},"end":{"line":31,"column":null}},{"start":{"line":32,"column":10},"end":{"line":32,"column":null}}]}},"s":{"0":8,"1":11,"2":11,"3":20,"4":11,"5":20,"6":11,"7":11,"8":3,"9":11,"10":2,"11":11,"12":40,"13":8,"14":4,"15":8,"16":8},"f":{"0":11,"1":20,"2":20,"3":3,"4":2,"5":40,"6":4},"b":{"0":[11,5],"1":[11,0],"2":[11,11,11]}}
,"D:/RS_School/2023/REACT2023Q1/rss-react/src/pages/NotFoundPage/NotFound.test.tsx": {"path":"D:/RS_School/2023/REACT2023Q1/rss-react/src/pages/NotFoundPage/NotFound.test.tsx","statementMap":{},"fnMap":{},"branchMap":{},"s":{},"f":{},"b":{}}
,"D:/RS_School/2023/REACT2023Q1/rss-react/src/pages/NotFoundPage/NotFound.tsx": {"path":"D:/RS_School/2023/REACT2023Q1/rss-react/src/pages/NotFoundPage/NotFound.tsx","statementMap":{"0":{"start":{"line":1,"column":25},"end":{"line":1,"column":null}},"1":{"start":{"line":3,"column":17},"end":{"line":10,"column":2}},"2":{"start":{"line":4,"column":2},"end":{"line":8,"column":null}},"3":{"start":{"line":10,"column":2},"end":{"line":3,"column":17}},"4":{"start":{"line":12,"column":24},"end":{"line":12,"column":null}}},"fnMap":{"0":{"name":"(anonymous_0)","decl":{"start":{"line":1,"column":25},"end":{"line":1,"column":null}},"loc":{"start":{"line":1,"column":25},"end":{"line":1,"column":null}}},"1":{"name":"(anonymous_1)","decl":{"start":{"line":3,"column":17},"end":{"line":3,"column":23}},"loc":{"start":{"line":3,"column":23},"end":{"line":10,"column":2}}}},"branchMap":{"0":{"loc":{"start":{"line":1,"column":25},"end":{"line":1,"column":null}},"type":"if","locations":[{"start":{"line":1,"column":25},"end":{"line":1,"column":null}}]}},"s":{"0":56,"1":8,"2":0,"3":8,"4":8},"f":{"0":8,"1":0},"b":{"0":[8]}}
,"D:/RS_School/2023/REACT2023Q1/rss-react/src/store/store.ts": {"path":"D:/RS_School/2023/REACT2023Q1/rss-react/src/store/store.ts","statementMap":{"0":{"start":{"line":6,"column":21},"end":{"line":12,"column":null}}},"fnMap":{},"branchMap":{},"s":{"0":8},"f":{},"b":{}}
,"D:/RS_School/2023/REACT2023Q1/rss-react/src/store/reduсers/FormSlice.test.ts": {"path":"D:/RS_School/2023/REACT2023Q1/rss-react/src/store/reduсers/FormSlice.test.ts","statementMap":{},"fnMap":{},"branchMap":{},"s":{},"f":{},"b":{}}
,"D:/RS_School/2023/REACT2023Q1/rss-react/src/store/reduсers/FormSlice.ts": {"path":"D:/RS_School/2023/REACT2023Q1/rss-react/src/store/reduсers/FormSlice.ts","statementMap":{"0":{"start":{"line":9,"column":32},"end":{"line":12,"column":null}},"1":{"start":{"line":14,"column":25},"end":{"line":25,"column":null}},"2":{"start":{"line":19,"column":6},"end":{"line":19,"column":null}},"3":{"start":{"line":22,"column":6},"end":{"line":22,"column":null}}},"fnMap":{"0":{"name":"(anonymous_0)","decl":{"start":{"line":18,"column":4},"end":{"line":18,"column":16}},"loc":{"start":{"line":18,"column":66},"end":{"line":20,"column":null}}},"1":{"name":"(anonymous_1)","decl":{"start":{"line":21,"column":4},"end":{"line":21,"column":11}},"loc":{"start":{"line":21,"column":50},"end":{"line":23,"column":null}}}},"branchMap":{},"s":{"0":8,"1":8,"2":1,"3":1},"f":{"0":1,"1":1},"b":{}}
,"D:/RS_School/2023/REACT2023Q1/rss-react/src/store/reduсers/ModalSlice.test.ts": {"path":"D:/RS_School/2023/REACT2023Q1/rss-react/src/store/reduсers/ModalSlice.test.ts","statementMap":{},"fnMap":{},"branchMap":{},"s":{},"f":{},"b":{}}
,"D:/RS_School/2023/REACT2023Q1/rss-react/src/store/reduсers/ModalSlice.ts": {"path":"D:/RS_School/2023/REACT2023Q1/rss-react/src/store/reduсers/ModalSlice.ts","statementMap":{"0":{"start":{"line":10,"column":33},"end":{"line":15,"column":null}},"1":{"start":{"line":17,"column":26},"end":{"line":34,"column":null}},"2":{"start":{"line":22,"column":6},"end":{"line":22,"column":null}},"3":{"start":{"line":25,"column":6},"end":{"line":25,"column":null}},"4":{"start":{"line":28,"column":6},"end":{"line":28,"column":null}},"5":{"start":{"line":31,"column":6},"end":{"line":31,"column":null}}},"fnMap":{"0":{"name":"(anonymous_0)","decl":{"start":{"line":21,"column":4},"end":{"line":21,"column":12}},"loc":{"start":{"line":21,"column":51},"end":{"line":23,"column":null}}},"1":{"name":"(anonymous_1)","decl":{"start":{"line":24,"column":4},"end":{"line":24,"column":10}},"loc":{"start":{"line":24,"column":48},"end":{"line":26,"column":null}}},"2":{"name":"(anonymous_2)","decl":{"start":{"line":27,"column":4},"end":{"line":27,"column":11}},"loc":{"start":{"line":27,"column":50},"end":{"line":29,"column":null}}},"3":{"name":"(anonymous_3)","decl":{"start":{"line":30,"column":4},"end":{"line":30,"column":19}},"loc":{"start":{"line":30,"column":57},"end":{"line":32,"column":null}}}},"branchMap":{},"s":{"0":8,"1":8,"2":0,"3":1,"4":0,"5":0},"f":{"0":0,"1":1,"2":0,"3":0},"b":{}}
,"D:/RS_School/2023/REACT2023Q1/rss-react/src/store/reduсers/apiSlice.ts": {"path":"D:/RS_School/2023/REACT2023Q1/rss-react/src/store/reduсers/apiSlice.ts","statementMap":{"0":{"start":{"line":12,"column":31},"end":{"line":26,"column":null}},"1":{"start":{"line":28,"column":25},"end":{"line":37,"column":null}},"2":{"start":{"line":29,"column":19},"end":{"line":29,"column":null}},"3":{"start":{"line":31,"column":2},"end":{"line":33,"column":null}},"4":{"start":{"line":32,"column":4},"end":{"line":32,"column":null}},"5":{"start":{"line":35,"column":26},"end":{"line":35,"column":null}},"6":{"start":{"line":36,"column":2},"end":{"line":36,"column":null}},"7":{"start":{"line":39,"column":27},"end":{"line":53,"column":null}},"8":{"start":{"line":42,"column":4},"end":{"line":51,"column":null}},"9":{"start":{"line":43,"column":23},"end":{"line":43,"column":null}},"10":{"start":{"line":45,"column":6},"end":{"line":47,"column":null}},"11":{"start":{"line":46,"column":8},"end":{"line":46,"column":null}},"12":{"start":{"line":49,"column":29},"end":{"line":49,"column":null}},"13":{"start":{"line":50,"column":6},"end":{"line":50,"column":null}},"14":{"start":{"line":55,"column":22},"end":{"line":84,"column":null}},"15":{"start":{"line":60,"column":4},"end":{"line":82,"column":null}},"16":{"start":{"line":62,"column":8},"end":{"line":62,"column":null}},"17":{"start":{"line":63,"column":8},"end":{"line":63,"column":null}},"18":{"start":{"line":64,"column":8},"end":{"line":64,"column":null}},"19":{"start":{"line":67,"column":8},"end":{"line":67,"column":null}},"20":{"start":{"line":68,"column":8},"end":{"line":68,"column":null}},"21":{"start":{"line":69,"column":8},"end":{"line":69,"column":null}},"22":{"start":{"line":72,"column":8},"end":{"line":72,"column":null}},"23":{"start":{"line":73,"column":8},"end":{"line":73,"column":null}},"24":{"start":{"line":76,"column":8},"end":{"line":76,"column":null}},"25":{"start":{"line":77,"column":8},"end":{"line":77,"column":null}},"26":{"start":{"line":80,"column":8},"end":{"line":80,"column":null}},"27":{"start":{"line":81,"column":8},"end":{"line":81,"column":null}}},"fnMap":{"0":{"name":"(anonymous_0)","decl":{"start":{"line":28,"column":56},"end":{"line":28,"column":72}},"loc":{"start":{"line":28,"column":94},"end":{"line":37,"column":1}}},"1":{"name":"(anonymous_1)","decl":{"start":{"line":41,"column":2},"end":{"line":41,"column":18}},"loc":{"start":{"line":41,"column":65},"end":{"line":52,"column":null}}},"2":{"name":"(anonymous_2)","decl":{"start":{"line":59,"column":17},"end":{"line":59,"column":18}},"loc":{"start":{"line":59,"column":30},"end":{"line":83,"column":null}}},"3":{"name":"(anonymous_3)","decl":{"start":{"line":61,"column":34},"end":{"line":61,"column":35}},"loc":{"start":{"line":61,"column":45},"end":{"line":65,"column":7}}},"4":{"name":"(anonymous_4)","decl":{"start":{"line":66,"column":36},"end":{"line":66,"column":37}},"loc":{"start":{"line":66,"column":55},"end":{"line":70,"column":7}}},"5":{"name":"(anonymous_5)","decl":{"start":{"line":71,"column":35},"end":{"line":71,"column":36}},"loc":{"start":{"line":71,"column":54},"end":{"line":74,"column":7}}},"6":{"name":"(anonymous_6)","decl":{"start":{"line":75,"column":38},"end":{"line":75,"column":39}},"loc":{"start":{"line":75,"column":57},"end":{"line":78,"column":7}}},"7":{"name":"(anonymous_7)","decl":{"start":{"line":79,"column":36},"end":{"line":79,"column":37}},"loc":{"start":{"line":79,"column":47},"end":{"line":82,"column":7}}}},"branchMap":{"0":{"loc":{"start":{"line":31,"column":2},"end":{"line":33,"column":null}},"type":"if","locations":[{"start":{"line":31,"column":2},"end":{"line":33,"column":null}}]},"1":{"loc":{"start":{"line":42,"column":4},"end":{"line":51,"column":null}},"type":"if","locations":[{"start":{"line":42,"column":4},"end":{"line":51,"column":null}}]},"2":{"loc":{"start":{"line":45,"column":6},"end":{"line":47,"column":null}},"type":"if","locations":[{"start":{"line":45,"column":6},"end":{"line":47,"column":null}}]}},"s":{"0":8,"1":8,"2":3,"3":1,"4":0,"5":1,"6":1,"7":8,"8":2,"9":0,"10":0,"11":0,"12":0,"13":0,"14":8,"15":8,"16":3,"17":3,"18":3,"19":1,"20":1,"21":1,"22":0,"23":0,"24":2,"25":2,"26":2,"27":2},"f":{"0":3,"1":2,"2":8,"3":3,"4":1,"5":0,"6":2,"7":2},"b":{"0":[0],"1":[0],"2":[0]}}
}
