TN:
SF:src\entry-client.tsx
FNF:0
FNH:0
DA:9,8
LF:1
LH:1
BRF:0
BRH:0
end_of_record
TN:
SF:src\entry-server.tsx
FNF:0
FNH:0
LF:0
LH:0
BRF:0
BRH:0
end_of_record
TN:
SF:src\setupTests.ts
FNF:0
FNH:0
LF:0
LH:0
BRF:0
BRH:0
end_of_record
TN:
SF:src\types.ts
FNF:0
FNH:0
LF:0
LH:0
BRF:0
BRH:0
end_of_record
TN:
SF:src\components\App\App.test.tsx
FNF:0
FNH:0
LF:0
LH:0
BRF:0
BRH:0
end_of_record
TN:
SF:src\components\App\App.tsx
FN:1,(anonymous_0)
FN:9,App
FNF:2
FNH:2
FNDA:8,(anonymous_0)
FNDA:12,App
DA:1,56
DA:10,12
DA:23,8
DA:25,8
LF:4
LH:4
BRDA:1,0,0,8
BRF:1
BRH:1
end_of_record
TN:
SF:src\components\Card\Card.test.tsx
FNF:0
FNH:0
LF:0
LH:0
BRF:0
BRH:0
end_of_record
TN:
SF:src\components\Card\Card.tsx
FN:10,(anonymous_1)
FN:15,(anonymous_2)
FN:22,(anonymous_3)
FN:10,(anonymous_4)
FNF:4
FNH:2
FNDA:40,(anonymous_1)
FNDA:0,(anonymous_2)
FNDA:0,(anonymous_3)
FNDA:1,(anonymous_4)
DA:10,40
DA:11,40
DA:12,40
DA:13,40
DA:15,40
DA:16,0
DA:17,0
DA:18,0
DA:21,40
DA:22,0
DA:27,8
DA:29,8
LF:12
LH:8
BRF:0
BRH:0
end_of_record
TN:
SF:src\components\CardForm\CardForm.test.tsx
FNF:0
FNH:0
LF:0
LH:0
BRF:0
BRH:0
end_of_record
TN:
SF:src\components\CardForm\CardForm.tsx
FN:1,(anonymous_0)
FN:8,(anonymous_1)
FNF:2
FNH:2
FNDA:8,(anonymous_0)
FNDA:1,(anonymous_1)
DA:1,56
DA:8,8
DA:9,1
DA:26,8
DA:28,8
LF:5
LH:5
BRDA:1,0,0,8
BRF:1
BRH:1
end_of_record
TN:
SF:src\components\Footer\Footer.test.tsx
FNF:0
FNH:0
LF:0
LH:0
BRF:0
BRH:0
end_of_record
TN:
SF:src\components\Footer\Footer.tsx
FN:1,(anonymous_0)
FN:3,(anonymous_1)
FNF:2
FNH:2
FNDA:8,(anonymous_0)
FNDA:12,(anonymous_1)
DA:1,56
DA:3,8
DA:4,12
DA:23,8
DA:25,8
LF:5
LH:5
BRDA:1,0,0,8
BRF:1
BRH:1
end_of_record
TN:
SF:src\components\Form\Form.test.tsx
FNF:0
FNH:0
LF:0
LH:0
BRF:0
BRH:0
end_of_record
TN:
SF:src\components\Form\Form.tsx
FN:13,(anonymous_1)
FN:23,(anonymous_2)
FN:27,(anonymous_3)
FN:13,(anonymous_4)
FNF:4
FNH:3
FNDA:7,(anonymous_1)
FNDA:1,(anonymous_2)
FNDA:0,(anonymous_3)
FNDA:3,(anonymous_4)
DA:13,8
DA:14,7
DA:15,7
DA:21,8
DA:23,7
DA:24,1
DA:25,1
DA:26,1
DA:27,1
DA:28,0
DA:30,1
DA:32,7
DA:52,8
DA:54,8
LF:14
LH:13
BRF:0
BRH:0
end_of_record
TN:
SF:src\components\Header\Header.test.tsx
FNF:0
FNH:0
LF:0
LH:0
BRF:0
BRH:0
end_of_record
TN:
SF:src\components\Header\Header.tsx
FN:4,(anonymous_1)
FN:7,(anonymous_2)
FN:11,(anonymous_3)
FN:33,(anonymous_4)
FN:36,(anonymous_5)
FN:39,(anonymous_6)
FNF:6
FNH:2
FNDA:17,(anonymous_1)
FNDA:0,(anonymous_2)
FNDA:6,(anonymous_3)
FNDA:0,(anonymous_4)
FNDA:0,(anonymous_5)
FNDA:0,(anonymous_6)
DA:4,17
DA:5,17
DA:7,15
DA:8,0
DA:11,15
DA:12,6
DA:14,2
DA:15,2
DA:17,1
DA:18,1
DA:20,3
DA:21,3
DA:23,0
DA:24,0
DA:28,15
DA:33,0
DA:36,0
DA:39,0
DA:46,8
DA:48,8
LF:20
LH:14
BRDA:12,0,0,2
BRDA:12,0,1,1
BRDA:12,0,2,3
BRDA:12,0,3,0
BRF:4
BRH:3
end_of_record
TN:
SF:src\components\InputCheckbox\InputCheckbox.test.tsx
FNF:0
FNH:0
LF:0
LH:0
BRF:0
BRH:0
end_of_record
TN:
SF:src\components\InputCheckbox\InputCheckbox.tsx
FN:1,(anonymous_0)
FN:10,(anonymous_1)
FNF:2
FNH:2
FNDA:8,(anonymous_0)
FNDA:7,(anonymous_1)
DA:1,56
DA:10,8
DA:11,7
DA:26,8
DA:28,8
LF:5
LH:5
BRDA:1,0,0,8
BRDA:19,1,0,1
BRDA:19,1,1,6
BRF:3
BRH:3
end_of_record
TN:
SF:src\components\InputDate\InputDate.test.tsx
FNF:0
FNH:0
LF:0
LH:0
BRF:0
BRH:0
end_of_record
TN:
SF:src\components\InputDate\InputDate.tsx
FN:1,(anonymous_0)
FN:10,(anonymous_1)
FN:11,(anonymous_2)
FN:27,(anonymous_3)
FNF:4
FNH:4
FNDA:8,(anonymous_0)
FNDA:7,(anonymous_1)
FNDA:4,(anonymous_2)
FNDA:4,(anonymous_3)
DA:1,56
DA:10,8
DA:11,7
DA:12,4
DA:13,4
DA:14,4
DA:17,7
DA:27,4
DA:38,8
DA:40,8
LF:10
LH:10
BRDA:1,0,0,8
BRDA:31,1,0,1
BRDA:31,1,1,6
BRDA:32,2,0,1
BRDA:32,2,1,1
BRF:5
BRH:5
end_of_record
TN:
SF:src\components\InputFile\InputFile.test.tsx
FNF:0
FNH:0
LF:0
LH:0
BRF:0
BRH:0
end_of_record
TN:
SF:src\components\InputFile\InputFile.tsx
FN:1,(anonymous_0)
FN:10,(anonymous_1)
FN:11,(anonymous_2)
FN:24,(anonymous_3)
FNF:4
FNH:4
FNDA:8,(anonymous_0)
FNDA:7,(anonymous_1)
FNDA:1,(anonymous_2)
FNDA:1,(anonymous_3)
DA:1,56
DA:10,8
DA:11,7
DA:12,1
DA:14,7
DA:24,1
DA:35,8
DA:37,8
LF:8
LH:8
BRDA:1,0,0,8
BRDA:28,1,0,1
BRDA:28,1,1,6
BRDA:29,2,0,1
BRDA:29,2,1,0
BRF:5
BRH:4
end_of_record
TN:
SF:src\components\InputRadio\InputRadio.test.tsx
FNF:0
FNH:0
LF:0
LH:0
BRF:0
BRH:0
end_of_record
TN:
SF:src\components\InputRadio\InputRadio.tsx
FN:1,(anonymous_0)
FN:10,(anonymous_1)
FNF:2
FNH:2
FNDA:8,(anonymous_0)
FNDA:7,(anonymous_1)
DA:1,56
DA:10,8
DA:11,7
DA:43,8
DA:45,8
LF:5
LH:5
BRDA:1,0,0,8
BRDA:36,1,0,1
BRDA:36,1,1,6
BRF:3
BRH:3
end_of_record
TN:
SF:src\components\InputText\InputText.test.tsx
FNF:0
FNH:0
LF:0
LH:0
BRF:0
BRH:0
end_of_record
TN:
SF:src\components\InputText\InputText.tsx
FN:1,(anonymous_0)
FN:10,(anonymous_1)
FNF:2
FNH:2
FNDA:8,(anonymous_0)
FNDA:7,(anonymous_1)
DA:1,56
DA:10,8
DA:11,7
DA:37,8
DA:39,8
LF:5
LH:5
BRDA:1,0,0,8
BRDA:30,1,0,2
BRDA:30,1,1,5
BRF:3
BRH:3
end_of_record
TN:
SF:src\components\Layout\Layout.test.tsx
FNF:0
FNH:0
LF:0
LH:0
BRF:0
BRH:0
end_of_record
TN:
SF:src\components\Layout\Layout.tsx
FN:1,(anonymous_0)
FN:6,(anonymous_1)
FNF:2
FNH:2
FNDA:8,(anonymous_0)
FNDA:12,(anonymous_1)
DA:1,56
DA:6,8
DA:7,12
DA:16,8
DA:18,8
LF:5
LH:5
BRDA:1,0,0,8
BRF:1
BRH:1
end_of_record
TN:
SF:src\components\Modal\Modal.test.tsx
FNF:0
FNH:0
LF:0
LH:0
BRF:0
BRH:0
end_of_record
TN:
SF:src\components\Modal\Modal.tsx
FN:11,(anonymous_1)
FN:12,(anonymous_2)
FN:16,(anonymous_3)
FN:23,(anonymous_4)
FN:28,(anonymous_5)
FN:29,(anonymous_6)
FN:11,(anonymous_7)
FNF:7
FNH:3
FNDA:11,(anonymous_1)
FNDA:20,(anonymous_2)
FNDA:0,(anonymous_3)
FNDA:0,(anonymous_4)
FNDA:0,(anonymous_5)
FNDA:0,(anonymous_6)
FNDA:4,(anonymous_7)
DA:11,11
DA:12,20
DA:13,11
DA:14,11
DA:16,11
DA:17,0
DA:20,11
DA:23,0
DA:28,0
DA:29,0
DA:54,8
DA:56,8
LF:12
LH:8
BRDA:22,0,0,0
BRDA:22,0,1,11
BRDA:26,1,0,11
BRDA:26,1,1,2
BRDA:27,2,0,11
BRDA:27,2,1,0
BRF:6
BRH:4
end_of_record
TN:
SF:src\components\Search\Search.test.tsx
FNF:0
FNH:0
LF:0
LH:0
BRF:0
BRH:0
end_of_record
TN:
SF:src\components\Search\Search.tsx
FN:5,(anonymous_1)
FN:7,(anonymous_2)
FN:11,(anonymous_3)
FN:15,(anonymous_4)
FN:21,(anonymous_5)
FN:28,(anonymous_6)
FN:5,(anonymous_7)
FNF:7
FNH:7
FNDA:22,(anonymous_1)
FNDA:31,(anonymous_2)
FNDA:11,(anonymous_3)
FNDA:1,(anonymous_4)
FNDA:1,(anonymous_5)
FNDA:11,(anonymous_6)
FNDA:4,(anonymous_7)
DA:5,22
DA:6,22
DA:7,31
DA:8,22
DA:9,22
DA:11,22
DA:12,11
DA:15,22
DA:16,1
DA:17,1
DA:20,22
DA:21,1
DA:28,11
DA:34,8
DA:36,8
LF:15
LH:15
BRDA:27,0,0,22
BRDA:27,0,1,8
BRF:2
BRH:2
end_of_record
TN:
SF:src\components\Select\Select.test.tsx
FNF:0
FNH:0
LF:0
LH:0
BRF:0
BRH:0
end_of_record
TN:
SF:src\components\Select\Select.tsx
FN:1,(anonymous_0)
FN:25,(anonymous_1)
FN:31,(anonymous_2)
FNF:3
FNH:3
FNDA:8,(anonymous_0)
FNDA:7,(anonymous_1)
FNDA:84,(anonymous_2)
DA:1,56
DA:10,8
DA:25,8
DA:26,7
DA:32,84
DA:45,8
DA:47,8
LF:7
LH:7
BRDA:1,0,0,8
BRDA:38,1,0,1
BRDA:38,1,1,6
BRF:3
BRH:3
end_of_record
TN:
SF:src\hook\redux.ts
FNF:0
FNH:0
DA:4,8
DA:5,8
LF:2
LH:2
BRF:0
BRH:0
end_of_record
TN:
SF:src\pages\AboutPage\AboutPage.test.tsx
FNF:0
FNH:0
LF:0
LH:0
BRF:0
BRH:0
end_of_record
TN:
SF:src\pages\AboutPage\AboutPage.tsx
FN:1,(anonymous_0)
FN:3,(anonymous_1)
FNF:2
FNH:2
FNDA:8,(anonymous_0)
FNDA:1,(anonymous_1)
DA:1,56
DA:3,8
DA:4,1
DA:5,8
DA:7,8
LF:5
LH:5
BRDA:1,0,0,8
BRF:1
BRH:1
end_of_record
TN:
SF:src\pages\FormPage\FormPage.test.tsx
FNF:0
FNH:0
LF:0
LH:0
BRF:0
BRH:0
end_of_record
TN:
SF:src\pages\FormPage\FormPage.tsx
FN:6,(anonymous_1)
FN:7,(anonymous_2)
FN:27,(anonymous_3)
FN:6,(anonymous_4)
FNF:4
FNH:4
FNDA:4,(anonymous_1)
FNDA:6,(anonymous_2)
FNDA:1,(anonymous_3)
FNDA:3,(anonymous_4)
DA:6,8
DA:7,8
DA:9,4
DA:28,1
DA:34,8
DA:36,8
LF:6
LH:6
BRDA:12,0,0,4
BRDA:12,0,1,1
BRDA:21,1,0,3
BRDA:21,1,1,1
BRDA:21,2,0,4
BRDA:21,2,1,4
BRF:6
BRH:6
end_of_record
TN:
SF:src\pages\HomePage\HomePage.test.tsx
FNF:0
FNH:0
LF:0
LH:0
BRF:0
BRH:0
end_of_record
TN:
SF:src\pages\HomePage\HomePage.tsx
FN:8,(anonymous_1)
FN:9,(anonymous_2)
FN:11,(anonymous_3)
FN:16,(anonymous_4)
FN:20,(anonymous_5)
FN:32,(anonymous_6)
FN:8,(anonymous_7)
FNF:7
FNH:7
FNDA:11,(anonymous_1)
FNDA:20,(anonymous_2)
FNDA:20,(anonymous_3)
FNDA:3,(anonymous_4)
FNDA:2,(anonymous_5)
FNDA:40,(anonymous_6)
FNDA:4,(anonymous_7)
DA:8,11
DA:9,20
DA:10,11
DA:11,20
DA:14,11
DA:16,11
DA:17,3
DA:20,11
DA:21,2
DA:24,11
DA:32,40
DA:37,8
DA:39,8
LF:13
LH:13
BRDA:28,0,0,11
BRDA:28,0,1,5
BRDA:29,1,0,11
BRDA:29,1,1,0
BRDA:30,2,0,11
BRDA:30,2,1,11
BRDA:30,2,2,11
BRF:7
BRH:6
end_of_record
TN:
SF:src\pages\NotFoundPage\NotFound.test.tsx
FNF:0
FNH:0
LF:0
LH:0
BRF:0
BRH:0
end_of_record
TN:
SF:src\pages\NotFoundPage\NotFound.tsx
FN:1,(anonymous_0)
FN:3,(anonymous_1)
FNF:2
FNH:1
FNDA:8,(anonymous_0)
FNDA:0,(anonymous_1)
DA:1,56
DA:3,8
DA:4,0
DA:10,8
DA:12,8
LF:5
LH:4
BRDA:1,0,0,8
BRF:1
BRH:1
end_of_record
TN:
SF:src\store\store.ts
FNF:0
FNH:0
DA:6,8
LF:1
LH:1
BRF:0
BRH:0
end_of_record
TN:
SF:src\store\reduсers\FormSlice.test.ts
FNF:0
FNH:0
LF:0
LH:0
BRF:0
BRH:0
end_of_record
TN:
SF:src\store\reduсers\FormSlice.ts
FN:18,(anonymous_0)
FN:21,(anonymous_1)
FNF:2
FNH:2
FNDA:1,(anonymous_0)
FNDA:1,(anonymous_1)
DA:9,8
DA:14,8
DA:19,1
DA:22,1
LF:4
LH:4
BRF:0
BRH:0
end_of_record
TN:
SF:src\store\reduсers\ModalSlice.test.ts
FNF:0
FNH:0
LF:0
LH:0
BRF:0
BRH:0
end_of_record
TN:
SF:src\store\reduсers\ModalSlice.ts
FN:21,(anonymous_0)
FN:24,(anonymous_1)
FN:27,(anonymous_2)
FN:30,(anonymous_3)
FNF:4
FNH:1
FNDA:0,(anonymous_0)
FNDA:1,(anonymous_1)
FNDA:0,(anonymous_2)
FNDA:0,(anonymous_3)
DA:10,8
DA:17,8
DA:22,0
DA:25,1
DA:28,0
DA:31,0
LF:6
LH:3
BRF:0
BRH:0
end_of_record
TN:
SF:src\store\reduсers\apiSlice.ts
FN:28,(anonymous_0)
FN:41,(anonymous_1)
FN:59,(anonymous_2)
FN:61,(anonymous_3)
FN:66,(anonymous_4)
FN:71,(anonymous_5)
FN:75,(anonymous_6)
FN:79,(anonymous_7)
FNF:8
FNH:7
FNDA:3,(anonymous_0)
FNDA:2,(anonymous_1)
FNDA:8,(anonymous_2)
FNDA:3,(anonymous_3)
FNDA:1,(anonymous_4)
FNDA:0,(anonymous_5)
FNDA:2,(anonymous_6)
FNDA:2,(anonymous_7)
DA:12,8
DA:28,8
DA:29,3
DA:31,1
DA:32,0
DA:35,1
DA:36,1
DA:39,8
DA:42,2
DA:43,0
DA:45,0
DA:46,0
DA:49,0
DA:50,0
DA:55,8
DA:60,8
DA:62,3
DA:63,3
DA:64,3
DA:67,1
DA:68,1
DA:69,1
DA:72,0
DA:73,0
DA:76,2
DA:77,2
DA:80,2
DA:81,2
LF:28
LH:20
BRDA:31,0,0,0
BRDA:42,1,0,0
BRDA:45,2,0,0
BRF:3
BRH:0
end_of_record
