{
  "D:/RS_School/2023/REACT2023Q1/rss-react/src/hook/redux.ts": {
    "path": "D:/RS_School/2023/REACT2023Q1/rss-react/src/hook/redux.ts",
    "statementMap": {
      "0": {
        "start": {
          "line": 2,
          "column": 30
        },
        "end": {
          "line": 2,
          "column": 41
        }
      },
      "1": {
        "start": {
          "line": 3,
          "column": 30
        },
        "end": {
          "line": 3,
          "column": 41
        }
      }
    },
    "fnMap": {},
    "branchMap": {},
    "s": {
      "0": 8,
      "1": 8
    },
    "f": {},
    "b": {},
    "inputSourceMap": {
      "version": 3,
      "sources": [
        "D:/RS_School/2023/REACT2023Q1/rss-react/src/hook/redux.ts"
      ],
      "mappings": "AAAA,SAA+B,aAAa,mBAAmB;AAGxD,aAAM,iBAAoC;AAC1C,aAAM,iBAAkD;",
      "names": []
    },
    "_coverageSchema": "1a1c01bbd47fc00a2c39e90264f33305004495a9",
    "hash": "9c92047773edc5d09662b2f6c4e38b0e53fb586f"
  },
  "D:/RS_School/2023/REACT2023Q1/rss-react/src/store/reduсers/ModalSlice.ts": {
    "path": "D:/RS_School/2023/REACT2023Q1/rss-react/src/store/reduсers/ModalSlice.ts",
    "statementMap": {
      "0": {
        "start": {
          "line": 2,
          "column": 21
        },
        "end": {
          "line": 7,
          "column": 1
        }
      },
      "1": {
        "start": {
          "line": 8,
          "column": 26
        },
        "end": {
          "line": 25,
          "column": 2
        }
      },
      "2": {
        "start": {
          "line": 13,
          "column": 6
        },
        "end": {
          "line": 13,
          "column": 37
        }
      },
      "3": {
        "start": {
          "line": 16,
          "column": 6
        },
        "end": {
          "line": 16,
          "column": 35
        }
      },
      "4": {
        "start": {
          "line": 19,
          "column": 6
        },
        "end": {
          "line": 19,
          "column": 36
        }
      },
      "5": {
        "start": {
          "line": 22,
          "column": 6
        },
        "end": {
          "line": 22,
          "column": 32
        }
      }
    },
    "fnMap": {
      "0": {
        "name": "(anonymous_0)",
        "decl": {
          "start": {
            "line": 12,
            "column": 4
          },
          "end": {
            "line": 12,
            "column": 5
          }
        },
        "loc": {
          "start": {
            "line": 12,
            "column": 27
          },
          "end": {
            "line": 14,
            "column": 5
          }
        },
        "line": 12
      },
      "1": {
        "name": "(anonymous_1)",
        "decl": {
          "start": {
            "line": 15,
            "column": 4
          },
          "end": {
            "line": 15,
            "column": 5
          }
        },
        "loc": {
          "start": {
            "line": 15,
            "column": 25
          },
          "end": {
            "line": 17,
            "column": 5
          }
        },
        "line": 15
      },
      "2": {
        "name": "(anonymous_2)",
        "decl": {
          "start": {
            "line": 18,
            "column": 4
          },
          "end": {
            "line": 18,
            "column": 5
          }
        },
        "loc": {
          "start": {
            "line": 18,
            "column": 26
          },
          "end": {
            "line": 20,
            "column": 5
          }
        },
        "line": 18
      },
      "3": {
        "name": "(anonymous_3)",
        "decl": {
          "start": {
            "line": 21,
            "column": 4
          },
          "end": {
            "line": 21,
            "column": 5
          }
        },
        "loc": {
          "start": {
            "line": 21,
            "column": 34
          },
          "end": {
            "line": 23,
            "column": 5
          }
        },
        "line": 21
      }
    },
    "branchMap": {},
    "s": {
      "0": 8,
      "1": 8,
      "2": 0,
      "3": 1,
      "4": 0,
      "5": 0
    },
    "f": {
      "0": 0,
      "1": 1,
      "2": 0,
      "3": 0
    },
    "b": {},
    "inputSourceMap": {
      "version": 3,
      "sources": [
        "D:/RS_School/2023/REACT2023Q1/rss-react/src/store/reduсers/ModalSlice.ts"
      ],
      "mappings": "AAAA,SAAS,mBAAkC;AAS3C,MAAM,eAA2B;AAAA,EAC/B,IAAI;AAAA,EACJ,OAAO;AAAA,EACP,SAAS;AAAA,EACT,QAAQ;AACV;AAEO,aAAM,aAAa,YAAY;AAAA,EACpC,MAAM;AAAA,EACN;AAAA,EACA,UAAU;AAAA,IACR,QAAQ,OAAO,QAAgC;AAC7C,YAAM,UAAU,OAAO;AAAA,IACzB;AAAA,IACA,MAAM,OAAO,QAA+B;AAC1C,YAAM,QAAQ,OAAO;AAAA,IACvB;AAAA,IACA,OAAO,OAAO,QAAgC;AAC5C,YAAM,SAAS,OAAO;AAAA,IACxB;AAAA,IACA,eAAe,OAAO,QAA+B;AACnD,YAAM,KAAK,OAAO;AAAA,IACpB;AAAA,EACF;AACF,CAAC;AAED,eAAe,WAAW;",
      "names": []
    },
    "_coverageSchema": "1a1c01bbd47fc00a2c39e90264f33305004495a9",
    "hash": "d85277a01cd30edd2516beb354afbfde1c14a5af"
  },
  "D:/RS_School/2023/REACT2023Q1/rss-react/src/components/Search/Search.tsx": {
    "path": "D:/RS_School/2023/REACT2023Q1/rss-react/src/components/Search/Search.tsx",
    "statementMap": {
      "0": {
        "start": {
          "line": 5,
          "column": 0
        },
        "end": {
          "line": 15,
          "column": 1
        }
      },
      "1": {
        "start": {
          "line": 6,
          "column": 2
        },
        "end": {
          "line": 8,
          "column": 3
        }
      },
      "2": {
        "start": {
          "line": 7,
          "column": 4
        },
        "end": {
          "line": 7,
          "column": 165
        }
      },
      "3": {
        "start": {
          "line": 9,
          "column": 2
        },
        "end": {
          "line": 9,
          "column": 39
        }
      },
      "4": {
        "start": {
          "line": 10,
          "column": 2
        },
        "end": {
          "line": 10,
          "column": 39
        }
      },
      "5": {
        "start": {
          "line": 11,
          "column": 2
        },
        "end": {
          "line": 13,
          "column": 4
        }
      },
      "6": {
        "start": {
          "line": 12,
          "column": 4
        },
        "end": {
          "line": 12,
          "column": 116
        }
      },
      "7": {
        "start": {
          "line": 14,
          "column": 2
        },
        "end": {
          "line": 14,
          "column": 75
        }
      },
      "8": {
        "start": {
          "line": 16,
          "column": 9
        },
        "end": {
          "line": 16,
          "column": 23
        }
      },
      "9": {
        "start": {
          "line": 20,
          "column": 15
        },
        "end": {
          "line": 55,
          "column": 1
        }
      },
      "10": {
        "start": {
          "line": 21,
          "column": 2
        },
        "end": {
          "line": 21,
          "column": 7
        }
      },
      "11": {
        "start": {
          "line": 22,
          "column": 19
        },
        "end": {
          "line": 22,
          "column": 35
        }
      },
      "12": {
        "start": {
          "line": 23,
          "column": 17
        },
        "end": {
          "line": 23,
          "column": 68
        }
      },
      "13": {
        "start": {
          "line": 23,
          "column": 43
        },
        "end": {
          "line": 23,
          "column": 67
        }
      },
      "14": {
        "start": {
          "line": 26,
          "column": 6
        },
        "end": {
          "line": 26,
          "column": 24
        }
      },
      "15": {
        "start": {
          "line": 27,
          "column": 40
        },
        "end": {
          "line": 27,
          "column": 56
        }
      },
      "16": {
        "start": {
          "line": 28,
          "column": 23
        },
        "end": {
          "line": 30,
          "column": 3
        }
      },
      "17": {
        "start": {
          "line": 29,
          "column": 4
        },
        "end": {
          "line": 29,
          "column": 35
        }
      },
      "18": {
        "start": {
          "line": 31,
          "column": 23
        },
        "end": {
          "line": 34,
          "column": 3
        }
      },
      "19": {
        "start": {
          "line": 32,
          "column": 4
        },
        "end": {
          "line": 32,
          "column": 27
        }
      },
      "20": {
        "start": {
          "line": 33,
          "column": 4
        },
        "end": {
          "line": 33,
          "column": 33
        }
      },
      "21": {
        "start": {
          "line": 35,
          "column": 2
        },
        "end": {
          "line": 54,
          "column": 11
        }
      },
      "22": {
        "start": {
          "line": 35,
          "column": 59
        },
        "end": {
          "line": 35,
          "column": 74
        }
      },
      "23": {
        "start": {
          "line": 36,
          "column": 142
        },
        "end": {
          "line": 36,
          "column": 157
        }
      },
      "24": {
        "start": {
          "line": 56,
          "column": 0
        },
        "end": {
          "line": 58,
          "column": 3
        }
      },
      "25": {
        "start": {
          "line": 57,
          "column": 2
        },
        "end": {
          "line": 57,
          "column": 42
        }
      },
      "26": {
        "start": {
          "line": 59,
          "column": 0
        },
        "end": {
          "line": 59,
          "column": 12
        }
      },
      "27": {
        "start": {
          "line": 62,
          "column": 0
        },
        "end": {
          "line": 62,
          "column": 27
        }
      },
      "28": {
        "start": {
          "line": 63,
          "column": 0
        },
        "end": {
          "line": 79,
          "column": 1
        }
      },
      "29": {
        "start": {
          "line": 64,
          "column": 2
        },
        "end": {
          "line": 64,
          "column": 39
        }
      },
      "30": {
        "start": {
          "line": 65,
          "column": 2
        },
        "end": {
          "line": 65,
          "column": 39
        }
      },
      "31": {
        "start": {
          "line": 66,
          "column": 2
        },
        "end": {
          "line": 78,
          "column": 5
        }
      },
      "32": {
        "start": {
          "line": 70,
          "column": 4
        },
        "end": {
          "line": 70,
          "column": 142
        }
      },
      "33": {
        "start": {
          "line": 71,
          "column": 4
        },
        "end": {
          "line": 77,
          "column": 7
        }
      },
      "34": {
        "start": {
          "line": 72,
          "column": 6
        },
        "end": {
          "line": 73,
          "column": 15
        }
      },
      "35": {
        "start": {
          "line": 73,
          "column": 8
        },
        "end": {
          "line": 73,
          "column": 15
        }
      },
      "36": {
        "start": {
          "line": 74,
          "column": 32
        },
        "end": {
          "line": 74,
          "column": 115
        }
      },
      "37": {
        "start": {
          "line": 75,
          "column": 6
        },
        "end": {
          "line": 76,
          "column": 54
        }
      },
      "38": {
        "start": {
          "line": 76,
          "column": 8
        },
        "end": {
          "line": 76,
          "column": 54
        }
      }
    },
    "fnMap": {
      "0": {
        "name": "(anonymous_0)",
        "decl": {
          "start": {
            "line": 11,
            "column": 24
          },
          "end": {
            "line": 11,
            "column": 25
          }
        },
        "loc": {
          "start": {
            "line": 11,
            "column": 38
          },
          "end": {
            "line": 13,
            "column": 3
          }
        },
        "line": 11
      },
      "1": {
        "name": "(anonymous_1)",
        "decl": {
          "start": {
            "line": 20,
            "column": 15
          },
          "end": {
            "line": 20,
            "column": 16
          }
        },
        "loc": {
          "start": {
            "line": 20,
            "column": 21
          },
          "end": {
            "line": 55,
            "column": 1
          }
        },
        "line": 20
      },
      "2": {
        "name": "(anonymous_2)",
        "decl": {
          "start": {
            "line": 23,
            "column": 32
          },
          "end": {
            "line": 23,
            "column": 33
          }
        },
        "loc": {
          "start": {
            "line": 23,
            "column": 43
          },
          "end": {
            "line": 23,
            "column": 67
          }
        },
        "line": 23
      },
      "3": {
        "name": "(anonymous_3)",
        "decl": {
          "start": {
            "line": 28,
            "column": 23
          },
          "end": {
            "line": 28,
            "column": 24
          }
        },
        "loc": {
          "start": {
            "line": 28,
            "column": 30
          },
          "end": {
            "line": 30,
            "column": 3
          }
        },
        "line": 28
      },
      "4": {
        "name": "(anonymous_4)",
        "decl": {
          "start": {
            "line": 31,
            "column": 23
          },
          "end": {
            "line": 31,
            "column": 24
          }
        },
        "loc": {
          "start": {
            "line": 31,
            "column": 34
          },
          "end": {
            "line": 34,
            "column": 3
          }
        },
        "line": 31
      },
      "5": {
        "name": "(anonymous_5)",
        "decl": {
          "start": {
            "line": 35,
            "column": 52
          },
          "end": {
            "line": 35,
            "column": 53
          }
        },
        "loc": {
          "start": {
            "line": 35,
            "column": 59
          },
          "end": {
            "line": 35,
            "column": 74
          }
        },
        "line": 35
      },
      "6": {
        "name": "(anonymous_6)",
        "decl": {
          "start": {
            "line": 36,
            "column": 135
          },
          "end": {
            "line": 36,
            "column": 136
          }
        },
        "loc": {
          "start": {
            "line": 36,
            "column": 142
          },
          "end": {
            "line": 36,
            "column": 157
          }
        },
        "line": 36
      },
      "7": {
        "name": "(anonymous_7)",
        "decl": {
          "start": {
            "line": 56,
            "column": 50
          },
          "end": {
            "line": 56,
            "column": 51
          }
        },
        "loc": {
          "start": {
            "line": 56,
            "column": 61
          },
          "end": {
            "line": 58,
            "column": 1
          }
        },
        "line": 56
      },
      "8": {
        "name": "(anonymous_8)",
        "decl": {
          "start": {
            "line": 69,
            "column": 9
          },
          "end": {
            "line": 69,
            "column": 10
          }
        },
        "loc": {
          "start": {
            "line": 69,
            "column": 29
          },
          "end": {
            "line": 78,
            "column": 3
          }
        },
        "line": 69
      },
      "9": {
        "name": "(anonymous_9)",
        "decl": {
          "start": {
            "line": 71,
            "column": 27
          },
          "end": {
            "line": 71,
            "column": 28
          }
        },
        "loc": {
          "start": {
            "line": 71,
            "column": 44
          },
          "end": {
            "line": 77,
            "column": 5
          }
        },
        "line": 71
      }
    },
    "branchMap": {
      "0": {
        "loc": {
          "start": {
            "line": 5,
            "column": 0
          },
          "end": {
            "line": 15,
            "column": 1
          }
        },
        "type": "if",
        "locations": [
          {
            "start": {
              "line": 5,
              "column": 0
            },
            "end": {
              "line": 15,
              "column": 1
            }
          },
          {
            "start": {},
            "end": {}
          }
        ],
        "line": 5
      },
      "1": {
        "loc": {
          "start": {
            "line": 6,
            "column": 2
          },
          "end": {
            "line": 8,
            "column": 3
          }
        },
        "type": "if",
        "locations": [
          {
            "start": {
              "line": 6,
              "column": 2
            },
            "end": {
              "line": 8,
              "column": 3
            }
          },
          {
            "start": {},
            "end": {}
          }
        ],
        "line": 6
      },
      "2": {
        "loc": {
          "start": {
            "line": 36,
            "column": 106
          },
          "end": {
            "line": 36,
            "column": 123
          }
        },
        "type": "binary-expr",
        "locations": [
          {
            "start": {
              "line": 36,
              "column": 106
            },
            "end": {
              "line": 36,
              "column": 117
            }
          },
          {
            "start": {
              "line": 36,
              "column": 121
            },
            "end": {
              "line": 36,
              "column": 123
            }
          }
        ],
        "line": 36
      },
      "3": {
        "loc": {
          "start": {
            "line": 63,
            "column": 0
          },
          "end": {
            "line": 79,
            "column": 1
          }
        },
        "type": "if",
        "locations": [
          {
            "start": {
              "line": 63,
              "column": 0
            },
            "end": {
              "line": 79,
              "column": 1
            }
          },
          {
            "start": {},
            "end": {}
          }
        ],
        "line": 63
      },
      "4": {
        "loc": {
          "start": {
            "line": 72,
            "column": 6
          },
          "end": {
            "line": 73,
            "column": 15
          }
        },
        "type": "if",
        "locations": [
          {
            "start": {
              "line": 72,
              "column": 6
            },
            "end": {
              "line": 73,
              "column": 15
            }
          },
          {
            "start": {},
            "end": {}
          }
        ],
        "line": 72
      },
      "5": {
        "loc": {
          "start": {
            "line": 75,
            "column": 6
          },
          "end": {
            "line": 76,
            "column": 54
          }
        },
        "type": "if",
        "locations": [
          {
            "start": {
              "line": 75,
              "column": 6
            },
            "end": {
              "line": 76,
              "column": 54
            }
          },
          {
            "start": {},
            "end": {}
          }
        ],
        "line": 75
      }
    },
    "s": {
      "0": 8,
      "1": 8,
      "2": 0,
      "3": 8,
      "4": 8,
      "5": 8,
      "6": 8,
      "7": 8,
      "8": 8,
      "9": 8,
      "10": 22,
      "11": 22,
      "12": 22,
      "13": 31,
      "14": 22,
      "15": 22,
      "16": 22,
      "17": 11,
      "18": 22,
      "19": 1,
      "20": 1,
      "21": 22,
      "22": 1,
      "23": 11,
      "24": 8,
      "25": 4,
      "26": 8,
      "27": 8,
      "28": 8,
      "29": 8,
      "30": 8,
      "31": 8,
      "32": 3,
      "33": 3,
      "34": 0,
      "35": 0,
      "36": 0,
      "37": 0,
      "38": 0
    },
    "f": {
      "0": 8,
      "1": 22,
      "2": 31,
      "3": 11,
      "4": 1,
      "5": 1,
      "6": 11,
      "7": 4,
      "8": 3,
      "9": 0
    },
    "b": {
      "0": [
        8,
        0
      ],
      "1": [
        0,
        8
      ],
      "2": [
        22,
        8
      ],
      "3": [
        8,
        0
      ],
      "4": [
        0,
        0
      ],
      "5": [
        0,
        0
      ]
    },
    "inputSourceMap": {
      "version": 3,
      "mappings": "AAsBQ;;;;;;;;;;;;;;;;AAtBR,SAAgBA,gBAAgB;AAChC,SAASC,gBAAgBC,sBAAsB;AAC/C,SAASC,kBAAkB;AAE3B,MAAMC,SAASA,MAAM;AAAAC,KAAA;AACnB,QAAMC,WAAWL,eAAc;AAC/B,QAAMM,SAASL,eAAgBM,WAAUA,MAAMC,aAAaC,KAAK;AACjE,QAAM;AAAA,IAAEA;AAAAA,EAAM,IAAIP,WAAWQ;AAC7B,QAAM,CAACC,aAAaC,cAAc,IAAIb,SAASO,MAAM;AAErD,QAAMO,eAAeA,CAACC,MAA2C;AAC/DF,mBAAeE,EAAEC,OAAOC,KAAK;AAAA,EAC/B;AAEA,QAAMC,eAAeA,CAACC,UAA4C;AAChEA,UAAMC,eAAc;AACpBd,aAASI,MAAME,WAAW,CAAC;AAAA,EAC7B;AAEA,SACE,uBAAC,UAAK,UAAWG,OAAMG,aAAaH,CAAC,GACnC,iCAAC,SAAI,WAAU,mBACb;AAAA,2BAAC,WACC,MAAK,QACL,WAAU,UACV,aAAY,aACZ,OAAOH,eAAe,IACtB,UAAWG,OAAMD,aAAaC,CAAC,KALjC;AAAA;AAAA;AAAA;AAAA,WAKmC;AAAA,IAEnC,uBAAC,YAAO,WAAU,UAAS,sBAA3B;AAAA;AAAA;AAAA;AAAA,WAAiC;AAAA,OARnC;AAAA;AAAA;AAAA;AAAA,SASA,KAVF;AAAA;AAAA;AAAA;AAAA,SAWA;AAEJ;AAAEV,GA7BID,QAAM;AAAA,UACOH,gBACFC,cAAc;AAAA;AAAAmB,KAFzBjB;AA+BN,eAAeA;AAAO,IAAAiB;AAAAC,aAAAD,IAAA",
      "names": [
        "useState",
        "useAppDispatch",
        "useAppSelector",
        "modalSlice",
        "Search",
        "_s",
        "dispatch",
        "search",
        "state",
        "modalReducer",
        "query",
        "actions",
        "searchValue",
        "setSearchValue",
        "handleChange",
        "e",
        "target",
        "value",
        "handleSubmit",
        "event",
        "preventDefault",
        "_c",
        "$RefreshReg$"
      ],
      "sources": [
        "D:/RS_School/2023/REACT2023Q1/rss-react/src/components/Search/Search.tsx"
      ],
      "file": "D:/RS_School/2023/REACT2023Q1/rss-react/src/components/Search/Search.tsx"
    },
    "_coverageSchema": "1a1c01bbd47fc00a2c39e90264f33305004495a9",
    "hash": "9b4508c3569b8e49fdf736dd495b8ff472dd5af6"
  },
  "D:/RS_School/2023/REACT2023Q1/rss-react/src/components/Card/Card.tsx": {
    "path": "D:/RS_School/2023/REACT2023Q1/rss-react/src/components/Card/Card.tsx",
    "statementMap": {
      "0": {
        "start": {
          "line": 5,
          "column": 0
        },
        "end": {
          "line": 15,
          "column": 1
        }
      },
      "1": {
        "start": {
          "line": 6,
          "column": 2
        },
        "end": {
          "line": 8,
          "column": 3
        }
      },
      "2": {
        "start": {
          "line": 7,
          "column": 4
        },
        "end": {
          "line": 7,
          "column": 165
        }
      },
      "3": {
        "start": {
          "line": 9,
          "column": 2
        },
        "end": {
          "line": 9,
          "column": 39
        }
      },
      "4": {
        "start": {
          "line": 10,
          "column": 2
        },
        "end": {
          "line": 10,
          "column": 39
        }
      },
      "5": {
        "start": {
          "line": 11,
          "column": 2
        },
        "end": {
          "line": 13,
          "column": 4
        }
      },
      "6": {
        "start": {
          "line": 12,
          "column": 4
        },
        "end": {
          "line": 12,
          "column": 112
        }
      },
      "7": {
        "start": {
          "line": 14,
          "column": 2
        },
        "end": {
          "line": 14,
          "column": 75
        }
      },
      "8": {
        "start": {
          "line": 16,
          "column": 9
        },
        "end": {
          "line": 16,
          "column": 23
        }
      },
      "9": {
        "start": {
          "line": 19,
          "column": 13
        },
        "end": {
          "line": 55,
          "column": 1
        }
      },
      "10": {
        "start": {
          "line": 22,
          "column": 2
        },
        "end": {
          "line": 22,
          "column": 7
        }
      },
      "11": {
        "start": {
          "line": 27,
          "column": 6
        },
        "end": {
          "line": 27,
          "column": 10
        }
      },
      "12": {
        "start": {
          "line": 32,
          "column": 6
        },
        "end": {
          "line": 32,
          "column": 24
        }
      },
      "13": {
        "start": {
          "line": 33,
          "column": 19
        },
        "end": {
          "line": 33,
          "column": 35
        }
      },
      "14": {
        "start": {
          "line": 34,
          "column": 23
        },
        "end": {
          "line": 38,
          "column": 3
        }
      },
      "15": {
        "start": {
          "line": 35,
          "column": 4
        },
        "end": {
          "line": 35,
          "column": 28
        }
      },
      "16": {
        "start": {
          "line": 36,
          "column": 4
        },
        "end": {
          "line": 36,
          "column": 27
        }
      },
      "17": {
        "start": {
          "line": 37,
          "column": 4
        },
        "end": {
          "line": 37,
          "column": 33
        }
      },
      "18": {
        "start": {
          "line": 39,
          "column": 2
        },
        "end": {
          "line": 54,
          "column": 11
        }
      },
      "19": {
        "start": {
          "line": 39,
          "column": 78
        },
        "end": {
          "line": 39,
          "column": 92
        }
      },
      "20": {
        "start": {
          "line": 56,
          "column": 0
        },
        "end": {
          "line": 58,
          "column": 3
        }
      },
      "21": {
        "start": {
          "line": 57,
          "column": 2
        },
        "end": {
          "line": 57,
          "column": 26
        }
      },
      "22": {
        "start": {
          "line": 59,
          "column": 0
        },
        "end": {
          "line": 59,
          "column": 10
        }
      },
      "23": {
        "start": {
          "line": 62,
          "column": 0
        },
        "end": {
          "line": 62,
          "column": 25
        }
      },
      "24": {
        "start": {
          "line": 63,
          "column": 0
        },
        "end": {
          "line": 79,
          "column": 1
        }
      },
      "25": {
        "start": {
          "line": 64,
          "column": 2
        },
        "end": {
          "line": 64,
          "column": 39
        }
      },
      "26": {
        "start": {
          "line": 65,
          "column": 2
        },
        "end": {
          "line": 65,
          "column": 39
        }
      },
      "27": {
        "start": {
          "line": 66,
          "column": 2
        },
        "end": {
          "line": 78,
          "column": 5
        }
      },
      "28": {
        "start": {
          "line": 70,
          "column": 4
        },
        "end": {
          "line": 70,
          "column": 138
        }
      },
      "29": {
        "start": {
          "line": 71,
          "column": 4
        },
        "end": {
          "line": 77,
          "column": 7
        }
      },
      "30": {
        "start": {
          "line": 72,
          "column": 6
        },
        "end": {
          "line": 73,
          "column": 15
        }
      },
      "31": {
        "start": {
          "line": 73,
          "column": 8
        },
        "end": {
          "line": 73,
          "column": 15
        }
      },
      "32": {
        "start": {
          "line": 74,
          "column": 32
        },
        "end": {
          "line": 74,
          "column": 115
        }
      },
      "33": {
        "start": {
          "line": 75,
          "column": 6
        },
        "end": {
          "line": 76,
          "column": 54
        }
      },
      "34": {
        "start": {
          "line": 76,
          "column": 8
        },
        "end": {
          "line": 76,
          "column": 54
        }
      }
    },
    "fnMap": {
      "0": {
        "name": "(anonymous_0)",
        "decl": {
          "start": {
            "line": 11,
            "column": 24
          },
          "end": {
            "line": 11,
            "column": 25
          }
        },
        "loc": {
          "start": {
            "line": 11,
            "column": 38
          },
          "end": {
            "line": 13,
            "column": 3
          }
        },
        "line": 11
      },
      "1": {
        "name": "(anonymous_1)",
        "decl": {
          "start": {
            "line": 19,
            "column": 13
          },
          "end": {
            "line": 19,
            "column": 14
          }
        },
        "loc": {
          "start": {
            "line": 21,
            "column": 6
          },
          "end": {
            "line": 55,
            "column": 1
          }
        },
        "line": 21
      },
      "2": {
        "name": "(anonymous_2)",
        "decl": {
          "start": {
            "line": 34,
            "column": 23
          },
          "end": {
            "line": 34,
            "column": 24
          }
        },
        "loc": {
          "start": {
            "line": 34,
            "column": 29
          },
          "end": {
            "line": 38,
            "column": 3
          }
        },
        "line": 34
      },
      "3": {
        "name": "(anonymous_3)",
        "decl": {
          "start": {
            "line": 39,
            "column": 72
          },
          "end": {
            "line": 39,
            "column": 73
          }
        },
        "loc": {
          "start": {
            "line": 39,
            "column": 78
          },
          "end": {
            "line": 39,
            "column": 92
          }
        },
        "line": 39
      },
      "4": {
        "name": "(anonymous_4)",
        "decl": {
          "start": {
            "line": 56,
            "column": 48
          },
          "end": {
            "line": 56,
            "column": 49
          }
        },
        "loc": {
          "start": {
            "line": 56,
            "column": 59
          },
          "end": {
            "line": 58,
            "column": 1
          }
        },
        "line": 56
      },
      "5": {
        "name": "(anonymous_5)",
        "decl": {
          "start": {
            "line": 69,
            "column": 9
          },
          "end": {
            "line": 69,
            "column": 10
          }
        },
        "loc": {
          "start": {
            "line": 69,
            "column": 29
          },
          "end": {
            "line": 78,
            "column": 3
          }
        },
        "line": 69
      },
      "6": {
        "name": "(anonymous_6)",
        "decl": {
          "start": {
            "line": 71,
            "column": 27
          },
          "end": {
            "line": 71,
            "column": 28
          }
        },
        "loc": {
          "start": {
            "line": 71,
            "column": 44
          },
          "end": {
            "line": 77,
            "column": 5
          }
        },
        "line": 71
      }
    },
    "branchMap": {
      "0": {
        "loc": {
          "start": {
            "line": 5,
            "column": 0
          },
          "end": {
            "line": 15,
            "column": 1
          }
        },
        "type": "if",
        "locations": [
          {
            "start": {
              "line": 5,
              "column": 0
            },
            "end": {
              "line": 15,
              "column": 1
            }
          },
          {
            "start": {},
            "end": {}
          }
        ],
        "line": 5
      },
      "1": {
        "loc": {
          "start": {
            "line": 6,
            "column": 2
          },
          "end": {
            "line": 8,
            "column": 3
          }
        },
        "type": "if",
        "locations": [
          {
            "start": {
              "line": 6,
              "column": 2
            },
            "end": {
              "line": 8,
              "column": 3
            }
          },
          {
            "start": {},
            "end": {}
          }
        ],
        "line": 6
      },
      "2": {
        "loc": {
          "start": {
            "line": 63,
            "column": 0
          },
          "end": {
            "line": 79,
            "column": 1
          }
        },
        "type": "if",
        "locations": [
          {
            "start": {
              "line": 63,
              "column": 0
            },
            "end": {
              "line": 79,
              "column": 1
            }
          },
          {
            "start": {},
            "end": {}
          }
        ],
        "line": 63
      },
      "3": {
        "loc": {
          "start": {
            "line": 72,
            "column": 6
          },
          "end": {
            "line": 73,
            "column": 15
          }
        },
        "type": "if",
        "locations": [
          {
            "start": {
              "line": 72,
              "column": 6
            },
            "end": {
              "line": 73,
              "column": 15
            }
          },
          {
            "start": {},
            "end": {}
          }
        ],
        "line": 72
      },
      "4": {
        "loc": {
          "start": {
            "line": 75,
            "column": 6
          },
          "end": {
            "line": 76,
            "column": 54
          }
        },
        "type": "if",
        "locations": [
          {
            "start": {
              "line": 75,
              "column": 6
            },
            "end": {
              "line": 76,
              "column": 54
            }
          },
          {
            "start": {},
            "end": {}
          }
        ],
        "line": 75
      }
    },
    "s": {
      "0": 8,
      "1": 8,
      "2": 0,
      "3": 8,
      "4": 8,
      "5": 8,
      "6": 8,
      "7": 8,
      "8": 8,
      "9": 8,
      "10": 40,
      "11": 40,
      "12": 40,
      "13": 40,
      "14": 40,
      "15": 0,
      "16": 0,
      "17": 0,
      "18": 40,
      "19": 0,
      "20": 8,
      "21": 1,
      "22": 8,
      "23": 8,
      "24": 8,
      "25": 8,
      "26": 8,
      "27": 8,
      "28": 3,
      "29": 3,
      "30": 0,
      "31": 0,
      "32": 0,
      "33": 0,
      "34": 0
    },
    "f": {
      "0": 8,
      "1": 40,
      "2": 0,
      "3": 0,
      "4": 1,
      "5": 3,
      "6": 0
    },
    "b": {
      "0": [
        8,
        0
      ],
      "1": [
        0,
        8
      ],
      "2": [
        8,
        0
      ],
      "3": [
        0,
        0
      ],
      "4": [
        0,
        0
      ]
    },
    "inputSourceMap": {
      "version": 3,
      "mappings": "AAsBM;;;;;;;;;;;;;;;;AArBN,SAASA,kBAAkB;AAE3B,SAASC,sBAAsB;AAM/B,MAAMC,OAAOA,CAAC;AAAA,EAAEC;AAAgB,MAAM;AAAAC,KAAA;AACpC,QAAM;AAAA,IAAEC;AAAAA,IAAMC;AAAAA,IAAOC;AAAAA,EAAG,IAAIJ;AAC5B,QAAM;AAAA,IAAEK;AAAAA,IAASC;AAAAA,IAAQC;AAAAA,EAAe,IAAIV,WAAWW;AACvD,QAAMC,WAAWX,eAAc;AAE/B,QAAMY,eAAeA,MAAM;AACzBD,aAASJ,QAAQ,IAAI,CAAC;AACtBI,aAASH,OAAO,IAAI,CAAC;AACrBG,aAASF,eAAeH,EAAE,CAAC;AAAA,EAC7B;AAEA,SACE,uBAAC,YAAO,WAAU,QAAO,SAAS,MAAMM,aAAY,GAClD;AAAA,2BAAC,SAAI,KAAKP,OAAO,KAAKD,QAAtB;AAAA;AAAA;AAAA;AAAA,WAA2B;AAAA,IAC3B,uBAAC,QAAG,WAAU,cAAcA,kBAA5B;AAAA;AAAA;AAAA;AAAA,WAAiC;AAAA,OAFnC;AAAA;AAAA;AAAA;AAAA,SAGA;AAEJ;AAAED,GAjBIF,MAAI;AAAA,UAGSD,cAAc;AAAA;AAAAa,KAH3BZ;AAmBN,eAAeA;AAAK,IAAAY;AAAAC,aAAAD,IAAA",
      "names": [
        "modalSlice",
        "useAppDispatch",
        "Card",
        "data",
        "_s",
        "name",
        "image",
        "id",
        "isModal",
        "isSkip",
        "identification",
        "actions",
        "dispatch",
        "handlerClick",
        "_c",
        "$RefreshReg$"
      ],
      "sources": [
        "D:/RS_School/2023/REACT2023Q1/rss-react/src/components/Card/Card.tsx"
      ],
      "file": "D:/RS_School/2023/REACT2023Q1/rss-react/src/components/Card/Card.tsx"
    },
    "_coverageSchema": "1a1c01bbd47fc00a2c39e90264f33305004495a9",
    "hash": "40e04b1b218cec94754f20f7c3616df2563e0b48"
  },
  "D:/RS_School/2023/REACT2023Q1/rss-react/src/components/Modal/Modal.tsx": {
    "path": "D:/RS_School/2023/REACT2023Q1/rss-react/src/components/Modal/Modal.tsx",
    "statementMap": {
      "0": {
        "start": {
          "line": 5,
          "column": 0
        },
        "end": {
          "line": 15,
          "column": 1
        }
      },
      "1": {
        "start": {
          "line": 6,
          "column": 2
        },
        "end": {
          "line": 8,
          "column": 3
        }
      },
      "2": {
        "start": {
          "line": 7,
          "column": 4
        },
        "end": {
          "line": 7,
          "column": 165
        }
      },
      "3": {
        "start": {
          "line": 9,
          "column": 2
        },
        "end": {
          "line": 9,
          "column": 39
        }
      },
      "4": {
        "start": {
          "line": 10,
          "column": 2
        },
        "end": {
          "line": 10,
          "column": 39
        }
      },
      "5": {
        "start": {
          "line": 11,
          "column": 2
        },
        "end": {
          "line": 13,
          "column": 4
        }
      },
      "6": {
        "start": {
          "line": 12,
          "column": 4
        },
        "end": {
          "line": 12,
          "column": 114
        }
      },
      "7": {
        "start": {
          "line": 14,
          "column": 2
        },
        "end": {
          "line": 14,
          "column": 75
        }
      },
      "8": {
        "start": {
          "line": 16,
          "column": 9
        },
        "end": {
          "line": 16,
          "column": 23
        }
      },
      "9": {
        "start": {
          "line": 19,
          "column": 14
        },
        "end": {
          "line": 146,
          "column": 1
        }
      },
      "10": {
        "start": {
          "line": 23,
          "column": 2
        },
        "end": {
          "line": 23,
          "column": 7
        }
      },
      "11": {
        "start": {
          "line": 24,
          "column": 17
        },
        "end": {
          "line": 24,
          "column": 70
        }
      },
      "12": {
        "start": {
          "line": 24,
          "column": 43
        },
        "end": {
          "line": 24,
          "column": 69
        }
      },
      "13": {
        "start": {
          "line": 25,
          "column": 19
        },
        "end": {
          "line": 25,
          "column": 35
        }
      },
      "14": {
        "start": {
          "line": 28,
          "column": 6
        },
        "end": {
          "line": 28,
          "column": 24
        }
      },
      "15": {
        "start": {
          "line": 29,
          "column": 22
        },
        "end": {
          "line": 31,
          "column": 3
        }
      },
      "16": {
        "start": {
          "line": 30,
          "column": 4
        },
        "end": {
          "line": 30,
          "column": 29
        }
      },
      "17": {
        "start": {
          "line": 32,
          "column": 2
        },
        "end": {
          "line": 145,
          "column": 11
        }
      },
      "18": {
        "start": {
          "line": 32,
          "column": 102
        },
        "end": {
          "line": 32,
          "column": 115
        }
      },
      "19": {
        "start": {
          "line": 38,
          "column": 89
        },
        "end": {
          "line": 38,
          "column": 108
        }
      },
      "20": {
        "start": {
          "line": 39,
          "column": 80
        },
        "end": {
          "line": 39,
          "column": 93
        }
      },
      "21": {
        "start": {
          "line": 147,
          "column": 0
        },
        "end": {
          "line": 149,
          "column": 3
        }
      },
      "22": {
        "start": {
          "line": 148,
          "column": 2
        },
        "end": {
          "line": 148,
          "column": 42
        }
      },
      "23": {
        "start": {
          "line": 150,
          "column": 0
        },
        "end": {
          "line": 150,
          "column": 11
        }
      },
      "24": {
        "start": {
          "line": 153,
          "column": 0
        },
        "end": {
          "line": 153,
          "column": 26
        }
      },
      "25": {
        "start": {
          "line": 154,
          "column": 0
        },
        "end": {
          "line": 170,
          "column": 1
        }
      },
      "26": {
        "start": {
          "line": 155,
          "column": 2
        },
        "end": {
          "line": 155,
          "column": 39
        }
      },
      "27": {
        "start": {
          "line": 156,
          "column": 2
        },
        "end": {
          "line": 156,
          "column": 39
        }
      },
      "28": {
        "start": {
          "line": 157,
          "column": 2
        },
        "end": {
          "line": 169,
          "column": 5
        }
      },
      "29": {
        "start": {
          "line": 161,
          "column": 4
        },
        "end": {
          "line": 161,
          "column": 140
        }
      },
      "30": {
        "start": {
          "line": 162,
          "column": 4
        },
        "end": {
          "line": 168,
          "column": 7
        }
      },
      "31": {
        "start": {
          "line": 163,
          "column": 6
        },
        "end": {
          "line": 164,
          "column": 15
        }
      },
      "32": {
        "start": {
          "line": 164,
          "column": 8
        },
        "end": {
          "line": 164,
          "column": 15
        }
      },
      "33": {
        "start": {
          "line": 165,
          "column": 32
        },
        "end": {
          "line": 165,
          "column": 115
        }
      },
      "34": {
        "start": {
          "line": 166,
          "column": 6
        },
        "end": {
          "line": 167,
          "column": 54
        }
      },
      "35": {
        "start": {
          "line": 167,
          "column": 8
        },
        "end": {
          "line": 167,
          "column": 54
        }
      }
    },
    "fnMap": {
      "0": {
        "name": "(anonymous_0)",
        "decl": {
          "start": {
            "line": 11,
            "column": 24
          },
          "end": {
            "line": 11,
            "column": 25
          }
        },
        "loc": {
          "start": {
            "line": 11,
            "column": 38
          },
          "end": {
            "line": 13,
            "column": 3
          }
        },
        "line": 11
      },
      "1": {
        "name": "(anonymous_1)",
        "decl": {
          "start": {
            "line": 19,
            "column": 14
          },
          "end": {
            "line": 19,
            "column": 15
          }
        },
        "loc": {
          "start": {
            "line": 22,
            "column": 6
          },
          "end": {
            "line": 146,
            "column": 1
          }
        },
        "line": 22
      },
      "2": {
        "name": "(anonymous_2)",
        "decl": {
          "start": {
            "line": 24,
            "column": 32
          },
          "end": {
            "line": 24,
            "column": 33
          }
        },
        "loc": {
          "start": {
            "line": 24,
            "column": 43
          },
          "end": {
            "line": 24,
            "column": 69
          }
        },
        "line": 24
      },
      "3": {
        "name": "(anonymous_3)",
        "decl": {
          "start": {
            "line": 29,
            "column": 22
          },
          "end": {
            "line": 29,
            "column": 23
          }
        },
        "loc": {
          "start": {
            "line": 29,
            "column": 28
          },
          "end": {
            "line": 31,
            "column": 3
          }
        },
        "line": 29
      },
      "4": {
        "name": "(anonymous_4)",
        "decl": {
          "start": {
            "line": 32,
            "column": 96
          },
          "end": {
            "line": 32,
            "column": 97
          }
        },
        "loc": {
          "start": {
            "line": 32,
            "column": 102
          },
          "end": {
            "line": 32,
            "column": 115
          }
        },
        "line": 32
      },
      "5": {
        "name": "(anonymous_5)",
        "decl": {
          "start": {
            "line": 38,
            "column": 82
          },
          "end": {
            "line": 38,
            "column": 83
          }
        },
        "loc": {
          "start": {
            "line": 38,
            "column": 89
          },
          "end": {
            "line": 38,
            "column": 108
          }
        },
        "line": 38
      },
      "6": {
        "name": "(anonymous_6)",
        "decl": {
          "start": {
            "line": 39,
            "column": 74
          },
          "end": {
            "line": 39,
            "column": 75
          }
        },
        "loc": {
          "start": {
            "line": 39,
            "column": 80
          },
          "end": {
            "line": 39,
            "column": 93
          }
        },
        "line": 39
      },
      "7": {
        "name": "(anonymous_7)",
        "decl": {
          "start": {
            "line": 147,
            "column": 49
          },
          "end": {
            "line": 147,
            "column": 50
          }
        },
        "loc": {
          "start": {
            "line": 147,
            "column": 60
          },
          "end": {
            "line": 149,
            "column": 1
          }
        },
        "line": 147
      },
      "8": {
        "name": "(anonymous_8)",
        "decl": {
          "start": {
            "line": 160,
            "column": 9
          },
          "end": {
            "line": 160,
            "column": 10
          }
        },
        "loc": {
          "start": {
            "line": 160,
            "column": 29
          },
          "end": {
            "line": 169,
            "column": 3
          }
        },
        "line": 160
      },
      "9": {
        "name": "(anonymous_9)",
        "decl": {
          "start": {
            "line": 162,
            "column": 27
          },
          "end": {
            "line": 162,
            "column": 28
          }
        },
        "loc": {
          "start": {
            "line": 162,
            "column": 44
          },
          "end": {
            "line": 168,
            "column": 5
          }
        },
        "line": 162
      }
    },
    "branchMap": {
      "0": {
        "loc": {
          "start": {
            "line": 5,
            "column": 0
          },
          "end": {
            "line": 15,
            "column": 1
          }
        },
        "type": "if",
        "locations": [
          {
            "start": {
              "line": 5,
              "column": 0
            },
            "end": {
              "line": 15,
              "column": 1
            }
          },
          {
            "start": {},
            "end": {}
          }
        ],
        "line": 5
      },
      "1": {
        "loc": {
          "start": {
            "line": 6,
            "column": 2
          },
          "end": {
            "line": 8,
            "column": 3
          }
        },
        "type": "if",
        "locations": [
          {
            "start": {
              "line": 6,
              "column": 2
            },
            "end": {
              "line": 8,
              "column": 3
            }
          },
          {
            "start": {},
            "end": {}
          }
        ],
        "line": 6
      },
      "2": {
        "loc": {
          "start": {
            "line": 32,
            "column": 52
          },
          "end": {
            "line": 32,
            "column": 85
          }
        },
        "type": "cond-expr",
        "locations": [
          {
            "start": {
              "line": 32,
              "column": 61
            },
            "end": {
              "line": 32,
              "column": 75
            }
          },
          {
            "start": {
              "line": 32,
              "column": 78
            },
            "end": {
              "line": 32,
              "column": 85
            }
          }
        ],
        "line": 32
      },
      "3": {
        "loc": {
          "start": {
            "line": 33,
            "column": 4
          },
          "end": {
            "line": 37,
            "column": 12
          }
        },
        "type": "binary-expr",
        "locations": [
          {
            "start": {
              "line": 33,
              "column": 4
            },
            "end": {
              "line": 33,
              "column": 11
            }
          },
          {
            "start": {
              "line": 33,
              "column": 31
            },
            "end": {
              "line": 37,
              "column": 12
            }
          }
        ],
        "line": 33
      },
      "4": {
        "loc": {
          "start": {
            "line": 38,
            "column": 4
          },
          "end": {
            "line": 140,
            "column": 12
          }
        },
        "type": "binary-expr",
        "locations": [
          {
            "start": {
              "line": 38,
              "column": 4
            },
            "end": {
              "line": 38,
              "column": 8
            }
          },
          {
            "start": {
              "line": 38,
              "column": 28
            },
            "end": {
              "line": 140,
              "column": 12
            }
          }
        ],
        "line": 38
      },
      "5": {
        "loc": {
          "start": {
            "line": 154,
            "column": 0
          },
          "end": {
            "line": 170,
            "column": 1
          }
        },
        "type": "if",
        "locations": [
          {
            "start": {
              "line": 154,
              "column": 0
            },
            "end": {
              "line": 170,
              "column": 1
            }
          },
          {
            "start": {},
            "end": {}
          }
        ],
        "line": 154
      },
      "6": {
        "loc": {
          "start": {
            "line": 163,
            "column": 6
          },
          "end": {
            "line": 164,
            "column": 15
          }
        },
        "type": "if",
        "locations": [
          {
            "start": {
              "line": 163,
              "column": 6
            },
            "end": {
              "line": 164,
              "column": 15
            }
          },
          {
            "start": {},
            "end": {}
          }
        ],
        "line": 163
      },
      "7": {
        "loc": {
          "start": {
            "line": 166,
            "column": 6
          },
          "end": {
            "line": 167,
            "column": 54
          }
        },
        "type": "if",
        "locations": [
          {
            "start": {
              "line": 166,
              "column": 6
            },
            "end": {
              "line": 167,
              "column": 54
            }
          },
          {
            "start": {},
            "end": {}
          }
        ],
        "line": 166
      }
    },
    "s": {
      "0": 8,
      "1": 8,
      "2": 0,
      "3": 8,
      "4": 8,
      "5": 8,
      "6": 8,
      "7": 8,
      "8": 8,
      "9": 8,
      "10": 11,
      "11": 11,
      "12": 20,
      "13": 11,
      "14": 11,
      "15": 11,
      "16": 0,
      "17": 11,
      "18": 0,
      "19": 0,
      "20": 0,
      "21": 8,
      "22": 4,
      "23": 8,
      "24": 8,
      "25": 8,
      "26": 8,
      "27": 8,
      "28": 8,
      "29": 3,
      "30": 3,
      "31": 0,
      "32": 0,
      "33": 0,
      "34": 0,
      "35": 0
    },
    "f": {
      "0": 8,
      "1": 11,
      "2": 20,
      "3": 0,
      "4": 0,
      "5": 0,
      "6": 0,
      "7": 4,
      "8": 3,
      "9": 0
    },
    "b": {
      "0": [
        8,
        0
      ],
      "1": [
        0,
        8
      ],
      "2": [
        0,
        11
      ],
      "3": [
        11,
        2
      ],
      "4": [
        11,
        0
      ],
      "5": [
        8,
        0
      ],
      "6": [
        0,
        0
      ],
      "7": [
        0,
        0
      ]
    },
    "inputSourceMap": {
      "version": 3,
      "mappings": "AAyBkB;;;;;;;;;;;;;;;;AAxBlB,SAASA,gBAAgBC,sBAAsB;AAC/C,SAASC,kBAAkB;AAQ3B,MAAMC,QAAQA,CAAC;AAAA,EAAEC;AAAAA,EAAMC;AAAoB,MAAM;AAAAC,KAAA;AAC/C,QAAMC,SAASN,eAAgBO,WAAUA,MAAMC,aAAaC,OAAO;AACnE,QAAMC,WAAWX,eAAc;AAC/B,QAAM;AAAA,IAAEU;AAAAA,EAAQ,IAAIR,WAAWU;AAE/B,QAAMC,cAAcA,MAAM;AACxBF,aAASD,QAAQ,KAAK,CAAC;AAAA,EACzB;AAEA,SACE,uBAAC,SACC,WAAWH,SAAS,iBAAiB,SACrC,SAAS,MAAMM,YAAW,GAC1B,eAAY,gBAEXR;AAAAA,eAAW,uBAAC,SAAI,WAAU,aAAf;AAAA;AAAA;AAAA;AAAA,WAAyB;AAAA,IACpCD,QACC,uBAAC,SAAI,WAAU,kBAAiB,SAAUU,OAAMA,EAAEC,gBAAe,GAC/D;AAAA,6BAAC,SAAI,WAAU,gBAAe,SAAS,MAAMF,YAAW,KAAxD;AAAA;AAAA;AAAA;AAAA,aAA4D;AAAA,MAC5D,uBAAC,SAAI,WAAU,gBAAe,KAAKT,KAAKY,OAAO,KAAKZ,KAAKa,QAAzD;AAAA;AAAA;AAAA;AAAA,aAA8D;AAAA,MAC9D,uBAAC,SAAI,WAAU,kBACb;AAAA,+BAAC,QAAG,WAAU,eAAeb,eAAKa,QAAlC;AAAA;AAAA;AAAA;AAAA,eAAuC;AAAA,QACvC,uBAAC,SAAI,WAAU,0BACb;AAAA,iCAAC,OAAE,0BAAH;AAAA;AAAA;AAAA;AAAA,iBAAa;AAAA,UACb,uBAAC,OAAGb,eAAKc,SAASD,QAAlB;AAAA;AAAA;AAAA;AAAA,iBAAuB;AAAA,UACvB,uBAAC,OAAE,wBAAH;AAAA;AAAA;AAAA;AAAA,iBAAW;AAAA,UACX,uBAAC,OAAGb,eAAKe,OAAOF,QAAhB;AAAA;AAAA;AAAA;AAAA,iBAAqB;AAAA,UACrB,uBAAC,OAAE,wBAAH;AAAA;AAAA;AAAA;AAAA,iBAAW;AAAA,UACX,uBAAC,OAAGb,eAAKgB,UAAT;AAAA;AAAA;AAAA;AAAA,iBAAgB;AAAA,UAChB,uBAAC,OAAE,sBAAH;AAAA;AAAA;AAAA;AAAA,iBAAS;AAAA,UACT,uBAAC,OAAGhB,eAAKiB,QAAT;AAAA;AAAA;AAAA;AAAA,iBAAc;AAAA,UACd,uBAAC,OAAE,yBAAH;AAAA;AAAA;AAAA;AAAA,iBAAY;AAAA,UACZ,uBAAC,OAAGjB,eAAKkB,WAAT;AAAA;AAAA;AAAA;AAAA,iBAAiB;AAAA,UACjB,uBAAC,OAAE,wBAAH;AAAA;AAAA;AAAA;AAAA,iBAAW;AAAA,UACX,uBAAC,OAAGlB,eAAKmB,UAAT;AAAA;AAAA;AAAA;AAAA,iBAAgB;AAAA,UAChB,uBAAC,OAAE,yBAAH;AAAA;AAAA;AAAA;AAAA,iBAAY;AAAA,UACZ,uBAAC,OAAG,cAAIC,KAAKpB,KAAKqB,OAAO,EAAEC,mBAAmB,OAAO,KAArD;AAAA;AAAA;AAAA;AAAA,iBAAuD;AAAA,aAdzD;AAAA;AAAA;AAAA;AAAA,eAeA;AAAA,WAjBF;AAAA;AAAA;AAAA;AAAA,aAkBA;AAAA,SArBF;AAAA;AAAA;AAAA;AAAA,WAsBA;AAAA,OA7BJ;AAAA;AAAA;AAAA;AAAA,SA+BA;AAEJ;AAAEpB,GA3CIH,OAAK;AAAA,UACMF,gBACED,cAAc;AAAA;AAAA2B,KAF3BxB;AA6CN,eAAeA;AAAM,IAAAwB;AAAAC,aAAAD,IAAA",
      "names": [
        "useAppDispatch",
        "useAppSelector",
        "modalSlice",
        "Modal",
        "data",
        "loading",
        "_s",
        "active",
        "state",
        "modalReducer",
        "isModal",
        "dispatch",
        "actions",
        "handleClick",
        "e",
        "stopPropagation",
        "image",
        "name",
        "location",
        "origin",
        "gender",
        "type",
        "species",
        "status",
        "Date",
        "created",
        "toLocaleDateString",
        "_c",
        "$RefreshReg$"
      ],
      "sources": [
        "D:/RS_School/2023/REACT2023Q1/rss-react/src/components/Modal/Modal.tsx"
      ],
      "file": "D:/RS_School/2023/REACT2023Q1/rss-react/src/components/Modal/Modal.tsx"
    },
    "_coverageSchema": "1a1c01bbd47fc00a2c39e90264f33305004495a9",
    "hash": "0fa459130b49d32a20e15c23b2cb7314b6bc5743"
  },
  "D:/RS_School/2023/REACT2023Q1/rss-react/src/store/reduсers/apiSlice.ts": {
    "path": "D:/RS_School/2023/REACT2023Q1/rss-react/src/store/reduсers/apiSlice.ts",
    "statementMap": {
      "0": {
        "start": {
          "line": 2,
          "column": 21
        },
        "end": {
          "line": 16,
          "column": 1
        }
      },
      "1": {
        "start": {
          "line": 17,
          "column": 25
        },
        "end": {
          "line": 24,
          "column": 2
        }
      },
      "2": {
        "start": {
          "line": 18,
          "column": 19
        },
        "end": {
          "line": 18,
          "column": 97
        }
      },
      "3": {
        "start": {
          "line": 19,
          "column": 2
        },
        "end": {
          "line": 21,
          "column": 3
        }
      },
      "4": {
        "start": {
          "line": 20,
          "column": 4
        },
        "end": {
          "line": 20,
          "column": 44
        }
      },
      "5": {
        "start": {
          "line": 22,
          "column": 15
        },
        "end": {
          "line": 22,
          "column": 36
        }
      },
      "6": {
        "start": {
          "line": 23,
          "column": 2
        },
        "end": {
          "line": 23,
          "column": 14
        }
      },
      "7": {
        "start": {
          "line": 25,
          "column": 27
        },
        "end": {
          "line": 37,
          "column": 1
        }
      },
      "8": {
        "start": {
          "line": 28,
          "column": 4
        },
        "end": {
          "line": 35,
          "column": 5
        }
      },
      "9": {
        "start": {
          "line": 29,
          "column": 23
        },
        "end": {
          "line": 29,
          "column": 91
        }
      },
      "10": {
        "start": {
          "line": 30,
          "column": 6
        },
        "end": {
          "line": 32,
          "column": 7
        }
      },
      "11": {
        "start": {
          "line": 31,
          "column": 8
        },
        "end": {
          "line": 31,
          "column": 48
        }
      },
      "12": {
        "start": {
          "line": 33,
          "column": 19
        },
        "end": {
          "line": 33,
          "column": 40
        }
      },
      "13": {
        "start": {
          "line": 34,
          "column": 6
        },
        "end": {
          "line": 34,
          "column": 18
        }
      },
      "14": {
        "start": {
          "line": 38,
          "column": 22
        },
        "end": {
          "line": 62,
          "column": 2
        }
      },
      "15": {
        "start": {
          "line": 43,
          "column": 4
        },
        "end": {
          "line": 60,
          "column": 7
        }
      },
      "16": {
        "start": {
          "line": 44,
          "column": 6
        },
        "end": {
          "line": 44,
          "column": 37
        }
      },
      "17": {
        "start": {
          "line": 45,
          "column": 6
        },
        "end": {
          "line": 45,
          "column": 29
        }
      },
      "18": {
        "start": {
          "line": 46,
          "column": 6
        },
        "end": {
          "line": 46,
          "column": 27
        }
      },
      "19": {
        "start": {
          "line": 48,
          "column": 6
        },
        "end": {
          "line": 48,
          "column": 34
        }
      },
      "20": {
        "start": {
          "line": 49,
          "column": 6
        },
        "end": {
          "line": 49,
          "column": 30
        }
      },
      "21": {
        "start": {
          "line": 50,
          "column": 6
        },
        "end": {
          "line": 50,
          "column": 27
        }
      },
      "22": {
        "start": {
          "line": 52,
          "column": 6
        },
        "end": {
          "line": 52,
          "column": 30
        }
      },
      "23": {
        "start": {
          "line": 53,
          "column": 6
        },
        "end": {
          "line": 53,
          "column": 37
        }
      },
      "24": {
        "start": {
          "line": 55,
          "column": 6
        },
        "end": {
          "line": 55,
          "column": 36
        }
      },
      "25": {
        "start": {
          "line": 56,
          "column": 6
        },
        "end": {
          "line": 56,
          "column": 33
        }
      },
      "26": {
        "start": {
          "line": 58,
          "column": 6
        },
        "end": {
          "line": 58,
          "column": 32
        }
      },
      "27": {
        "start": {
          "line": 59,
          "column": 6
        },
        "end": {
          "line": 59,
          "column": 28
        }
      }
    },
    "fnMap": {
      "0": {
        "name": "(anonymous_0)",
        "decl": {
          "start": {
            "line": 17,
            "column": 56
          },
          "end": {
            "line": 17,
            "column": 57
          }
        },
        "loc": {
          "start": {
            "line": 17,
            "column": 85
          },
          "end": {
            "line": 24,
            "column": 1
          }
        },
        "line": 17
      },
      "1": {
        "name": "(anonymous_1)",
        "decl": {
          "start": {
            "line": 27,
            "column": 2
          },
          "end": {
            "line": 27,
            "column": 3
          }
        },
        "loc": {
          "start": {
            "line": 27,
            "column": 31
          },
          "end": {
            "line": 36,
            "column": 3
          }
        },
        "line": 27
      },
      "2": {
        "name": "(anonymous_2)",
        "decl": {
          "start": {
            "line": 42,
            "column": 17
          },
          "end": {
            "line": 42,
            "column": 18
          }
        },
        "loc": {
          "start": {
            "line": 42,
            "column": 30
          },
          "end": {
            "line": 61,
            "column": 3
          }
        },
        "line": 42
      },
      "3": {
        "name": "(anonymous_3)",
        "decl": {
          "start": {
            "line": 43,
            "column": 39
          },
          "end": {
            "line": 43,
            "column": 40
          }
        },
        "loc": {
          "start": {
            "line": 43,
            "column": 50
          },
          "end": {
            "line": 47,
            "column": 5
          }
        },
        "line": 43
      },
      "4": {
        "name": "(anonymous_4)",
        "decl": {
          "start": {
            "line": 47,
            "column": 36
          },
          "end": {
            "line": 47,
            "column": 37
          }
        },
        "loc": {
          "start": {
            "line": 47,
            "column": 55
          },
          "end": {
            "line": 51,
            "column": 5
          }
        },
        "line": 47
      },
      "5": {
        "name": "(anonymous_5)",
        "decl": {
          "start": {
            "line": 51,
            "column": 35
          },
          "end": {
            "line": 51,
            "column": 36
          }
        },
        "loc": {
          "start": {
            "line": 51,
            "column": 54
          },
          "end": {
            "line": 54,
            "column": 5
          }
        },
        "line": 51
      },
      "6": {
        "name": "(anonymous_6)",
        "decl": {
          "start": {
            "line": 54,
            "column": 38
          },
          "end": {
            "line": 54,
            "column": 39
          }
        },
        "loc": {
          "start": {
            "line": 54,
            "column": 57
          },
          "end": {
            "line": 57,
            "column": 5
          }
        },
        "line": 54
      },
      "7": {
        "name": "(anonymous_7)",
        "decl": {
          "start": {
            "line": 57,
            "column": 36
          },
          "end": {
            "line": 57,
            "column": 37
          }
        },
        "loc": {
          "start": {
            "line": 57,
            "column": 47
          },
          "end": {
            "line": 60,
            "column": 5
          }
        },
        "line": 57
      }
    },
    "branchMap": {
      "0": {
        "loc": {
          "start": {
            "line": 19,
            "column": 2
          },
          "end": {
            "line": 21,
            "column": 3
          }
        },
        "type": "if",
        "locations": [
          {
            "start": {
              "line": 19,
              "column": 2
            },
            "end": {
              "line": 21,
              "column": 3
            }
          },
          {
            "start": {},
            "end": {}
          }
        ],
        "line": 19
      },
      "1": {
        "loc": {
          "start": {
            "line": 28,
            "column": 4
          },
          "end": {
            "line": 35,
            "column": 5
          }
        },
        "type": "if",
        "locations": [
          {
            "start": {
              "line": 28,
              "column": 4
            },
            "end": {
              "line": 35,
              "column": 5
            }
          },
          {
            "start": {},
            "end": {}
          }
        ],
        "line": 28
      },
      "2": {
        "loc": {
          "start": {
            "line": 30,
            "column": 6
          },
          "end": {
            "line": 32,
            "column": 7
          }
        },
        "type": "if",
        "locations": [
          {
            "start": {
              "line": 30,
              "column": 6
            },
            "end": {
              "line": 32,
              "column": 7
            }
          },
          {
            "start": {},
            "end": {}
          }
        ],
        "line": 30
      }
    },
    "s": {
      "0": 8,
      "1": 8,
      "2": 3,
      "3": 1,
      "4": 0,
      "5": 1,
      "6": 1,
      "7": 8,
      "8": 2,
      "9": 0,
      "10": 0,
      "11": 0,
      "12": 0,
      "13": 0,
      "14": 8,
      "15": 8,
      "16": 3,
      "17": 3,
      "18": 3,
      "19": 1,
      "20": 1,
      "21": 1,
      "22": 0,
      "23": 0,
      "24": 2,
      "25": 2,
      "26": 2,
      "27": 2
    },
    "f": {
      "0": 3,
      "1": 2,
      "2": 8,
      "3": 3,
      "4": 1,
      "5": 0,
      "6": 2,
      "7": 2
    },
    "b": {
      "0": [
        0,
        1
      ],
      "1": [
        0,
        2
      ],
      "2": [
        0,
        0
      ]
    },
    "inputSourceMap": {
      "version": 3,
      "sources": [
        "D:/RS_School/2023/REACT2023Q1/rss-react/src/store/reduсers/apiSlice.ts"
      ],
      "mappings": "AAAA,SAAS,kBAAkB,mBAAmB;AAW9C,MAAM,eAAyB;AAAA,EAC7B,MAAM;AAAA,IACJ,MAAM;AAAA,MACJ,OAAO;AAAA,MACP,MAAM;AAAA,MACN,OAAO;AAAA,MACP,MAAM;AAAA,IACR;AAAA,IACA,SAAS,CAAC;AAAA,EACZ;AAAA,EACA,WAAW;AAAA,EACX,cAAc;AAAA,EACd,SAAS;AAAA,EACT,QAAQ;AACV;AAEO,aAAM,YAAY,iBAAiB,cAAc,eAAgB,OAAe,OAAO;AAC5F,QAAM,WAAW,MAAM,MAAM,0DAA0D,OAAO;AAE9F,MAAI,CAAC,SAAS,IAAI;AAChB,WAAO,MAAM,gBAAgB,SAAS;AAAA,EACxC;AAEA,QAAM,OAAkB,MAAM,SAAS,KAAK;AAC5C,SAAO;AACT,CAAC;AAEM,aAAM,cAAc;AAAA,EACzB;AAAA,EACA,eAAgB,OAAwC,OAAO;AAC7D,QAAI,MAAM,QAAQ;AAChB,YAAM,WAAW,MAAM,MAAM,6CAA6C,MAAM,IAAI;AAEpF,UAAI,CAAC,SAAS,IAAI;AAChB,eAAO,MAAM,gBAAgB,SAAS;AAAA,MACxC;AAEA,YAAM,OAAiB,MAAM,SAAS,KAAK;AAC3C,aAAO;AAAA,IACT;AAAA,EACF;AACF;AAEA,MAAM,gBAAgB,YAAY;AAAA,EAChC,MAAM;AAAA,EACN;AAAA,EACA,UAAU,CAAC;AAAA,EACX,eAAe,CAAC,YAAY;AAC1B,YACG,QAAQ,UAAU,SAAS,CAAC,UAAU;AACrC,YAAM,OAAO,aAAa;AAC1B,YAAM,YAAY;AAClB,YAAM,UAAU;AAAA,IAClB,CAAC,EACA,QAAQ,UAAU,WAAW,CAAC,OAAO,WAAW;AAC/C,YAAM,OAAO,OAAO;AACpB,YAAM,YAAY;AAClB,YAAM,UAAU;AAAA,IAClB,CAAC,EACA,QAAQ,UAAU,UAAU,CAAC,OAAO,WAAW;AAC9C,YAAM,YAAY;AAClB,YAAM,UAAU,OAAO;AAAA,IACzB,CAAC,EACA,QAAQ,YAAY,WAAW,CAAC,OAAO,WAAW;AACjD,YAAM,SAAS,OAAO;AACtB,YAAM,eAAe;AAAA,IACvB,CAAC,EACA,QAAQ,YAAY,SAAS,CAAC,UAAU;AACvC,YAAM,eAAe;AACrB,YAAM,SAAS;AAAA,IACjB,CAAC;AAAA,EACL;AACF,CAAC;AAED,eAAe,cAAc;",
      "names": []
    },
    "_coverageSchema": "1a1c01bbd47fc00a2c39e90264f33305004495a9",
    "hash": "9575a9b2a1d1aa292d022437e727f9f3660a9ef3"
  },
  "D:/RS_School/2023/REACT2023Q1/rss-react/src/pages/HomePage/HomePage.tsx": {
    "path": "D:/RS_School/2023/REACT2023Q1/rss-react/src/pages/HomePage/HomePage.tsx",
    "statementMap": {
      "0": {
        "start": {
          "line": 5,
          "column": 0
        },
        "end": {
          "line": 15,
          "column": 1
        }
      },
      "1": {
        "start": {
          "line": 6,
          "column": 2
        },
        "end": {
          "line": 8,
          "column": 3
        }
      },
      "2": {
        "start": {
          "line": 7,
          "column": 4
        },
        "end": {
          "line": 7,
          "column": 165
        }
      },
      "3": {
        "start": {
          "line": 9,
          "column": 2
        },
        "end": {
          "line": 9,
          "column": 39
        }
      },
      "4": {
        "start": {
          "line": 10,
          "column": 2
        },
        "end": {
          "line": 10,
          "column": 39
        }
      },
      "5": {
        "start": {
          "line": 11,
          "column": 2
        },
        "end": {
          "line": 13,
          "column": 4
        }
      },
      "6": {
        "start": {
          "line": 12,
          "column": 4
        },
        "end": {
          "line": 12,
          "column": 115
        }
      },
      "7": {
        "start": {
          "line": 14,
          "column": 2
        },
        "end": {
          "line": 14,
          "column": 75
        }
      },
      "8": {
        "start": {
          "line": 16,
          "column": 9
        },
        "end": {
          "line": 16,
          "column": 23
        }
      },
      "9": {
        "start": {
          "line": 23,
          "column": 17
        },
        "end": {
          "line": 84,
          "column": 1
        }
      },
      "10": {
        "start": {
          "line": 24,
          "column": 2
        },
        "end": {
          "line": 24,
          "column": 7
        }
      },
      "11": {
        "start": {
          "line": 29,
          "column": 6
        },
        "end": {
          "line": 29,
          "column": 51
        }
      },
      "12": {
        "start": {
          "line": 29,
          "column": 32
        },
        "end": {
          "line": 29,
          "column": 50
        }
      },
      "13": {
        "start": {
          "line": 36,
          "column": 6
        },
        "end": {
          "line": 36,
          "column": 47
        }
      },
      "14": {
        "start": {
          "line": 36,
          "column": 32
        },
        "end": {
          "line": 36,
          "column": 46
        }
      },
      "15": {
        "start": {
          "line": 37,
          "column": 19
        },
        "end": {
          "line": 37,
          "column": 35
        }
      },
      "16": {
        "start": {
          "line": 38,
          "column": 2
        },
        "end": {
          "line": 40,
          "column": 24
        }
      },
      "17": {
        "start": {
          "line": 39,
          "column": 4
        },
        "end": {
          "line": 39,
          "column": 31
        }
      },
      "18": {
        "start": {
          "line": 41,
          "column": 2
        },
        "end": {
          "line": 46,
          "column": 29
        }
      },
      "19": {
        "start": {
          "line": 42,
          "column": 4
        },
        "end": {
          "line": 45,
          "column": 8
        }
      },
      "20": {
        "start": {
          "line": 47,
          "column": 2
        },
        "end": {
          "line": 83,
          "column": 11
        }
      },
      "21": {
        "start": {
          "line": 64,
          "column": 78
        },
        "end": {
          "line": 68,
          "column": 14
        }
      },
      "22": {
        "start": {
          "line": 85,
          "column": 0
        },
        "end": {
          "line": 87,
          "column": 3
        }
      },
      "23": {
        "start": {
          "line": 86,
          "column": 2
        },
        "end": {
          "line": 86,
          "column": 58
        }
      },
      "24": {
        "start": {
          "line": 88,
          "column": 0
        },
        "end": {
          "line": 88,
          "column": 14
        }
      },
      "25": {
        "start": {
          "line": 91,
          "column": 0
        },
        "end": {
          "line": 91,
          "column": 29
        }
      },
      "26": {
        "start": {
          "line": 92,
          "column": 0
        },
        "end": {
          "line": 108,
          "column": 1
        }
      },
      "27": {
        "start": {
          "line": 93,
          "column": 2
        },
        "end": {
          "line": 93,
          "column": 39
        }
      },
      "28": {
        "start": {
          "line": 94,
          "column": 2
        },
        "end": {
          "line": 94,
          "column": 39
        }
      },
      "29": {
        "start": {
          "line": 95,
          "column": 2
        },
        "end": {
          "line": 107,
          "column": 5
        }
      },
      "30": {
        "start": {
          "line": 99,
          "column": 4
        },
        "end": {
          "line": 99,
          "column": 141
        }
      },
      "31": {
        "start": {
          "line": 100,
          "column": 4
        },
        "end": {
          "line": 106,
          "column": 7
        }
      },
      "32": {
        "start": {
          "line": 101,
          "column": 6
        },
        "end": {
          "line": 102,
          "column": 15
        }
      },
      "33": {
        "start": {
          "line": 102,
          "column": 8
        },
        "end": {
          "line": 102,
          "column": 15
        }
      },
      "34": {
        "start": {
          "line": 103,
          "column": 32
        },
        "end": {
          "line": 103,
          "column": 115
        }
      },
      "35": {
        "start": {
          "line": 104,
          "column": 6
        },
        "end": {
          "line": 105,
          "column": 54
        }
      },
      "36": {
        "start": {
          "line": 105,
          "column": 8
        },
        "end": {
          "line": 105,
          "column": 54
        }
      }
    },
    "fnMap": {
      "0": {
        "name": "(anonymous_0)",
        "decl": {
          "start": {
            "line": 11,
            "column": 24
          },
          "end": {
            "line": 11,
            "column": 25
          }
        },
        "loc": {
          "start": {
            "line": 11,
            "column": 38
          },
          "end": {
            "line": 13,
            "column": 3
          }
        },
        "line": 11
      },
      "1": {
        "name": "(anonymous_1)",
        "decl": {
          "start": {
            "line": 23,
            "column": 17
          },
          "end": {
            "line": 23,
            "column": 18
          }
        },
        "loc": {
          "start": {
            "line": 23,
            "column": 23
          },
          "end": {
            "line": 84,
            "column": 1
          }
        },
        "line": 23
      },
      "2": {
        "name": "(anonymous_2)",
        "decl": {
          "start": {
            "line": 29,
            "column": 21
          },
          "end": {
            "line": 29,
            "column": 22
          }
        },
        "loc": {
          "start": {
            "line": 29,
            "column": 32
          },
          "end": {
            "line": 29,
            "column": 50
          }
        },
        "line": 29
      },
      "3": {
        "name": "(anonymous_3)",
        "decl": {
          "start": {
            "line": 36,
            "column": 21
          },
          "end": {
            "line": 36,
            "column": 22
          }
        },
        "loc": {
          "start": {
            "line": 36,
            "column": 32
          },
          "end": {
            "line": 36,
            "column": 46
          }
        },
        "line": 36
      },
      "4": {
        "name": "(anonymous_4)",
        "decl": {
          "start": {
            "line": 38,
            "column": 12
          },
          "end": {
            "line": 38,
            "column": 13
          }
        },
        "loc": {
          "start": {
            "line": 38,
            "column": 18
          },
          "end": {
            "line": 40,
            "column": 3
          }
        },
        "line": 38
      },
      "5": {
        "name": "(anonymous_5)",
        "decl": {
          "start": {
            "line": 41,
            "column": 12
          },
          "end": {
            "line": 41,
            "column": 13
          }
        },
        "loc": {
          "start": {
            "line": 41,
            "column": 18
          },
          "end": {
            "line": 46,
            "column": 3
          }
        },
        "line": 41
      },
      "6": {
        "name": "(anonymous_6)",
        "decl": {
          "start": {
            "line": 64,
            "column": 52
          },
          "end": {
            "line": 64,
            "column": 53
          }
        },
        "loc": {
          "start": {
            "line": 64,
            "column": 78
          },
          "end": {
            "line": 68,
            "column": 14
          }
        },
        "line": 64
      },
      "7": {
        "name": "(anonymous_7)",
        "decl": {
          "start": {
            "line": 85,
            "column": 52
          },
          "end": {
            "line": 85,
            "column": 53
          }
        },
        "loc": {
          "start": {
            "line": 85,
            "column": 63
          },
          "end": {
            "line": 87,
            "column": 1
          }
        },
        "line": 85
      },
      "8": {
        "name": "(anonymous_8)",
        "decl": {
          "start": {
            "line": 98,
            "column": 9
          },
          "end": {
            "line": 98,
            "column": 10
          }
        },
        "loc": {
          "start": {
            "line": 98,
            "column": 29
          },
          "end": {
[...]
      ],
      "file": "D:/RS_School/2023/REACT2023Q1/rss-react/src/components/Layout/Layout.tsx"
    },
    "_coverageSchema": "1a1c01bbd47fc00a2c39e90264f33305004495a9",
    "hash": "75506c3e55326ea53404186b79896cf400698089"
  },
  "D:/RS_School/2023/REACT2023Q1/rss-react/src/components/App/App.tsx": {
    "path": "D:/RS_School/2023/REACT2023Q1/rss-react/src/components/App/App.tsx",
    "statementMap": {
      "0": {
        "start": {
          "line": 5,
          "column": 0
        },
        "end": {
          "line": 15,
          "column": 1
        }
      },
      "1": {
        "start": {
          "line": 6,
          "column": 2
        },
        "end": {
          "line": 8,
          "column": 3
        }
      },
      "2": {
        "start": {
          "line": 7,
          "column": 4
        },
        "end": {
          "line": 7,
          "column": 165
        }
      },
      "3": {
        "start": {
          "line": 9,
          "column": 2
        },
        "end": {
          "line": 9,
          "column": 39
        }
      },
      "4": {
        "start": {
          "line": 10,
          "column": 2
        },
        "end": {
          "line": 10,
          "column": 39
        }
      },
      "5": {
        "start": {
          "line": 11,
          "column": 2
        },
        "end": {
          "line": 13,
          "column": 4
        }
      },
      "6": {
        "start": {
          "line": 12,
          "column": 4
        },
        "end": {
          "line": 12,
          "column": 110
        }
      },
      "7": {
        "start": {
          "line": 14,
          "column": 2
        },
        "end": {
          "line": 14,
          "column": 75
        }
      },
      "8": {
        "start": {
          "line": 23,
          "column": 2
        },
        "end": {
          "line": 85,
          "column": 11
        }
      },
      "9": {
        "start": {
          "line": 87,
          "column": 0
        },
        "end": {
          "line": 87,
          "column": 9
        }
      },
      "10": {
        "start": {
          "line": 90,
          "column": 0
        },
        "end": {
          "line": 90,
          "column": 24
        }
      },
      "11": {
        "start": {
          "line": 91,
          "column": 0
        },
        "end": {
          "line": 107,
          "column": 1
        }
      },
      "12": {
        "start": {
          "line": 92,
          "column": 2
        },
        "end": {
          "line": 92,
          "column": 39
        }
      },
      "13": {
        "start": {
          "line": 93,
          "column": 2
        },
        "end": {
          "line": 93,
          "column": 39
        }
      },
      "14": {
        "start": {
          "line": 94,
          "column": 2
        },
        "end": {
          "line": 106,
          "column": 5
        }
      },
      "15": {
        "start": {
          "line": 98,
          "column": 4
        },
        "end": {
          "line": 98,
          "column": 136
        }
      },
      "16": {
        "start": {
          "line": 99,
          "column": 4
        },
        "end": {
          "line": 105,
          "column": 7
        }
      },
      "17": {
        "start": {
          "line": 100,
          "column": 6
        },
        "end": {
          "line": 101,
          "column": 15
        }
      },
      "18": {
        "start": {
          "line": 101,
          "column": 8
        },
        "end": {
          "line": 101,
          "column": 15
        }
      },
      "19": {
        "start": {
          "line": 102,
          "column": 32
        },
        "end": {
          "line": 102,
          "column": 115
        }
      },
      "20": {
        "start": {
          "line": 103,
          "column": 6
        },
        "end": {
          "line": 104,
          "column": 54
        }
      },
      "21": {
        "start": {
          "line": 104,
          "column": 8
        },
        "end": {
          "line": 104,
          "column": 54
        }
      }
    },
    "fnMap": {
      "0": {
        "name": "(anonymous_0)",
        "decl": {
          "start": {
            "line": 11,
            "column": 24
          },
          "end": {
            "line": 11,
            "column": 25
          }
        },
        "loc": {
          "start": {
            "line": 11,
            "column": 38
          },
          "end": {
            "line": 13,
            "column": 3
          }
        },
        "line": 11
      },
      "1": {
        "name": "App",
        "decl": {
          "start": {
            "line": 22,
            "column": 9
          },
          "end": {
            "line": 22,
            "column": 12
          }
        },
        "loc": {
          "start": {
            "line": 22,
            "column": 15
          },
          "end": {
            "line": 86,
            "column": 1
          }
        },
        "line": 22
      },
      "2": {
        "name": "(anonymous_2)",
        "decl": {
          "start": {
            "line": 97,
            "column": 9
          },
          "end": {
            "line": 97,
            "column": 10
          }
        },
        "loc": {
          "start": {
            "line": 97,
            "column": 29
          },
          "end": {
            "line": 106,
            "column": 3
          }
        },
        "line": 97
      },
      "3": {
        "name": "(anonymous_3)",
        "decl": {
          "start": {
            "line": 99,
            "column": 27
          },
          "end": {
            "line": 99,
            "column": 28
          }
        },
        "loc": {
          "start": {
            "line": 99,
            "column": 44
          },
          "end": {
            "line": 105,
            "column": 5
          }
        },
        "line": 99
      }
    },
    "branchMap": {
      "0": {
        "loc": {
          "start": {
            "line": 5,
            "column": 0
          },
          "end": {
            "line": 15,
            "column": 1
          }
        },
        "type": "if",
        "locations": [
          {
            "start": {
              "line": 5,
              "column": 0
            },
            "end": {
              "line": 15,
              "column": 1
            }
          },
          {
            "start": {},
            "end": {}
          }
        ],
        "line": 5
      },
      "1": {
        "loc": {
          "start": {
            "line": 6,
            "column": 2
          },
          "end": {
            "line": 8,
            "column": 3
          }
        },
        "type": "if",
        "locations": [
          {
            "start": {
              "line": 6,
              "column": 2
            },
            "end": {
              "line": 8,
              "column": 3
            }
          },
          {
            "start": {},
            "end": {}
          }
        ],
        "line": 6
      },
      "2": {
        "loc": {
          "start": {
            "line": 91,
            "column": 0
          },
          "end": {
            "line": 107,
            "column": 1
          }
        },
        "type": "if",
        "locations": [
          {
            "start": {
              "line": 91,
              "column": 0
            },
            "end": {
              "line": 107,
              "column": 1
            }
          },
          {
            "start": {},
            "end": {}
          }
        ],
        "line": 91
      },
      "3": {
        "loc": {
          "start": {
            "line": 100,
            "column": 6
          },
          "end": {
            "line": 101,
            "column": 15
          }
        },
        "type": "if",
        "locations": [
          {
            "start": {
              "line": 100,
              "column": 6
            },
            "end": {
              "line": 101,
              "column": 15
            }
          },
          {
            "start": {},
            "end": {}
          }
        ],
        "line": 100
      },
      "4": {
        "loc": {
          "start": {
            "line": 103,
            "column": 6
          },
          "end": {
            "line": 104,
            "column": 54
          }
        },
        "type": "if",
        "locations": [
          {
            "start": {
              "line": 103,
              "column": 6
            },
            "end": {
              "line": 104,
              "column": 54
            }
          },
          {
            "start": {},
            "end": {}
          }
        ],
        "line": 103
      }
    },
    "s": {
      "0": 8,
      "1": 8,
      "2": 0,
      "3": 8,
      "4": 8,
      "5": 8,
      "6": 8,
      "7": 8,
      "8": 12,
      "9": 8,
      "10": 8,
      "11": 8,
      "12": 8,
      "13": 8,
      "14": 8,
      "15": 3,
      "16": 3,
      "17": 0,
      "18": 0,
      "19": 0,
      "20": 0,
      "21": 0
    },
    "f": {
      "0": 8,
      "1": 12,
      "2": 3,
      "3": 0
    },
    "b": {
      "0": [
        8,
        0
      ],
      "1": [
        0,
        8
      ],
      "2": [
        8,
        0
      ],
      "3": [
        0,
        0
      ],
      "4": [
        0,
        0
      ]
    },
    "inputSourceMap": {
      "version": 3,
      "mappings": "AAUI,mBAE6B,cAF7B;AAVJ,OAAOA,oBAAkB;AAAA;AAAA;AAAA;AAAA;AAAA;AAAA;AAAA;AAAA;AAAA;AAAA;AAAA;AAAA;AAAA;AACzB,SAASC,QAAQC,OAAOC,gBAAgB;AACxC,OAAOC,cAAc;AACrB,OAAOC,eAAe;AACtB,OAAOC,cAAc;AACrB,OAAOC,cAAc;AACrB,OAAOC,YAAY;AAEnB,SAASC,MAAM;AACb,SACE,mCACE,iCAAC,UACC,iCAAC,SAAM,MAAK,KAAI,SAAS,uBAAC,YAAD;AAAA;AAAA;AAAA;AAAA,SAAO,GAC9B;AAAA,2BAAC,SAAM,OAAK,MAAC,SAAS,uBAAC,cAAD;AAAA;AAAA;AAAA;AAAA,WAAS,KAA/B;AAAA;AAAA;AAAA;AAAA,WAAmC;AAAA,IACnC,uBAAC,SAAM,MAAK,SAAQ,SAAS,uBAAC,eAAD;AAAA;AAAA;AAAA;AAAA,WAAU,KAAvC;AAAA;AAAA;AAAA;AAAA,WAA2C;AAAA,IAC3C,uBAAC,SAAM,MAAK,QAAO,SAAS,uBAAC,cAAD;AAAA;AAAA;AAAA;AAAA,WAAS,KAArC;AAAA;AAAA;AAAA;AAAA,WAAyC;AAAA,IACzC,uBAAC,SAAM,MAAK,OAAM,SAAS,uBAAC,cAAD;AAAA;AAAA;AAAA;AAAA,WAAS,KAApC;AAAA;AAAA;AAAA;AAAA,WAAwC;AAAA,IACxC,uBAAC,SAAM,MAAK,KAAI,SAAS,uBAAC,YAAS,SAAO,MAAC,IAAG,SAArB;AAAA;AAAA;AAAA;AAAA,WAA0B,KAAnD;AAAA;AAAA;AAAA;AAAA,WAAuD;AAAA,OALzD;AAAA;AAAA;AAAA;AAAA,SAMA,KAPF;AAAA;AAAA;AAAA;AAAA,SAQA,KATF;AAAA;AAAA;AAAA;AAAA,SAUA;AAEJ;AAACC,KAdQD;AAgBT,eAAeA;AAAI,IAAAC;AAAAC,aAAAD,IAAA",
      "names": [
        "React",
        "Routes",
        "Route",
        "Navigate",
        "HomePage",
        "AboutPage",
        "FormPage",
        "NotFound",
        "Layout",
        "App",
        "_c",
        "$RefreshReg$"
      ],
      "sources": [
        "D:/RS_School/2023/REACT2023Q1/rss-react/src/components/App/App.tsx"
      ],
      "file": "D:/RS_School/2023/REACT2023Q1/rss-react/src/components/App/App.tsx"
    },
    "_coverageSchema": "1a1c01bbd47fc00a2c39e90264f33305004495a9",
    "hash": "3a1eb5375fc94d3089f97edf5812b3b9dcff7a59"
  },
  "D:/RS_School/2023/REACT2023Q1/rss-react/src/store/store.ts": {
    "path": "D:/RS_School/2023/REACT2023Q1/rss-react/src/store/store.ts",
    "statementMap": {
      "0": {
        "start": {
          "line": 5,
          "column": 21
        },
        "end": {
          "line": 11,
          "column": 2
        }
      }
    },
    "fnMap": {},
    "branchMap": {},
    "s": {
      "0": 8
    },
    "f": {},
    "b": {},
    "inputSourceMap": {
      "version": 3,
      "sources": [
        "D:/RS_School/2023/REACT2023Q1/rss-react/src/store/store.ts"
      ],
      "mappings": "AAAA,SAAS,sBAAsB;AAC/B,OAAO,iBAAiB;AACxB,OAAO,kBAAkB;AACzB,OAAO,cAAc;AAEd,aAAM,QAAQ,eAAe;AAAA,EAClC,SAAS;AAAA,IACP;AAAA,IACA;AAAA,IACA;AAAA,EACF;AACF,CAAC;",
      "names": []
    },
    "_coverageSchema": "1a1c01bbd47fc00a2c39e90264f33305004495a9",
    "hash": "a21d095310bc584375416a21c24995a9aa3f9b19"
  },
  "D:/RS_School/2023/REACT2023Q1/rss-react/src/entry-client.tsx": {
    "path": "D:/RS_School/2023/REACT2023Q1/rss-react/src/entry-client.tsx",
    "statementMap": {
      "0": {
        "start": {
          "line": 8,
          "column": 0
        },
        "end": {
          "line": 20,
          "column": 10
        }
      }
    },
    "fnMap": {},
    "branchMap": {},
    "s": {
      "0": 8
    },
    "f": {},
    "b": {},
    "inputSourceMap": {
      "version": 3,
      "mappings": "AAYM;AAXN,OAAOA,cAAc;AACrB,SAASC,gBAAgB;AACzB,SAASC,qBAAqB;AAC9B,OAAOC,SAAS;AAChB,SAASC,aAAa;AACtB,OAAO;AAEPJ,SAASK,YACPC,SAASC,eAAe,MAAM,GAC9B,uBAAC,YAAS,OACR,iCAAC,iBACC,iCAAC,SAAD;AAAA;AAAA;AAAA;AAAA,OAAI,KADN;AAAA;AAAA;AAAA;AAAA,OAEA,KAHF;AAAA;AAAA;AAAA;AAAA,OAIA,CAAW",
      "names": [
        "ReactDOM",
        "Provider",
        "BrowserRouter",
        "App",
        "store",
        "hydrateRoot",
        "document",
        "getElementById"
      ],
      "sources": [
        "D:/RS_School/2023/REACT2023Q1/rss-react/src/entry-client.tsx"
      ],
      "file": "D:/RS_School/2023/REACT2023Q1/rss-react/src/entry-client.tsx"
    },
    "_coverageSchema": "1a1c01bbd47fc00a2c39e90264f33305004495a9",
    "hash": "82ecbd9534f95b905170569c3a4fe9040c4f615d"
  },
  "D:/RS_School/2023/REACT2023Q1/rss-react/src/setupTests.ts": {
    "path": "D:/RS_School/2023/REACT2023Q1/rss-react/src/setupTests.ts",
    "statementMap": {},
    "fnMap": {},
    "branchMap": {},
    "s": {},
    "f": {},
    "b": {}
  },
  "D:/RS_School/2023/REACT2023Q1/rss-react/src/types.ts": {
    "path": "D:/RS_School/2023/REACT2023Q1/rss-react/src/types.ts",
    "statementMap": {},
    "fnMap": {},
    "branchMap": {},
    "s": {},
    "f": {},
    "b": {}
  },
  "D:/RS_School/2023/REACT2023Q1/rss-react/src/store/reduсers/FormSlice.test.ts": {
    "path": "D:/RS_School/2023/REACT2023Q1/rss-react/src/store/reduсers/FormSlice.test.ts",
    "statementMap": {},
    "fnMap": {},
    "branchMap": {},
    "s": {},
    "f": {},
    "b": {}
  },
  "D:/RS_School/2023/REACT2023Q1/rss-react/src/store/reduсers/ModalSlice.test.ts": {
    "path": "D:/RS_School/2023/REACT2023Q1/rss-react/src/store/reduсers/ModalSlice.test.ts",
    "statementMap": {},
    "fnMap": {},
    "branchMap": {},
    "s": {},
    "f": {},
    "b": {}
  },
  "D:/RS_School/2023/REACT2023Q1/rss-react/src/entry-server.tsx": {
    "path": "D:/RS_School/2023/REACT2023Q1/rss-react/src/entry-server.tsx",
    "statementMap": {},
    "fnMap": {},
    "branchMap": {},
    "s": {},
    "f": {},
    "b": {}
  },
  "D:/RS_School/2023/REACT2023Q1/rss-react/src/components/App/App.test.tsx": {
    "path": "D:/RS_School/2023/REACT2023Q1/rss-react/src/components/App/App.test.tsx",
    "statementMap": {},
    "fnMap": {},
    "branchMap": {},
    "s": {},
    "f": {},
    "b": {}
  },
  "D:/RS_School/2023/REACT2023Q1/rss-react/src/components/Card/Card.test.tsx": {
    "path": "D:/RS_School/2023/REACT2023Q1/rss-react/src/components/Card/Card.test.tsx",
    "statementMap": {},
    "fnMap": {},
    "branchMap": {},
    "s": {},
    "f": {},
    "b": {}
  },
  "D:/RS_School/2023/REACT2023Q1/rss-react/src/components/CardForm/CardForm.test.tsx": {
    "path": "D:/RS_School/2023/REACT2023Q1/rss-react/src/components/CardForm/CardForm.test.tsx",
    "statementMap": {},
    "fnMap": {},
    "branchMap": {},
    "s": {},
    "f": {},
    "b": {}
  },
  "D:/RS_School/2023/REACT2023Q1/rss-react/src/components/Footer/Footer.test.tsx": {
    "path": "D:/RS_School/2023/REACT2023Q1/rss-react/src/components/Footer/Footer.test.tsx",
    "statementMap": {},
    "fnMap": {},
    "branchMap": {},
    "s": {},
    "f": {},
    "b": {}
  },
  "D:/RS_School/2023/REACT2023Q1/rss-react/src/components/Form/Form.test.tsx": {
    "path": "D:/RS_School/2023/REACT2023Q1/rss-react/src/components/Form/Form.test.tsx",
    "statementMap": {},
    "fnMap": {},
    "branchMap": {},
    "s": {},
    "f": {},
    "b": {}
  },
  "D:/RS_School/2023/REACT2023Q1/rss-react/src/components/Header/Header.test.tsx": {
    "path": "D:/RS_School/2023/REACT2023Q1/rss-react/src/components/Header/Header.test.tsx",
    "statementMap": {},
    "fnMap": {},
    "branchMap": {},
    "s": {},
    "f": {},
    "b": {}
  },
  "D:/RS_School/2023/REACT2023Q1/rss-react/src/components/InputCheckbox/InputCheckbox.test.tsx": {
    "path": "D:/RS_School/2023/REACT2023Q1/rss-react/src/components/InputCheckbox/InputCheckbox.test.tsx",
    "statementMap": {},
    "fnMap": {},
    "branchMap": {},
    "s": {},
    "f": {},
    "b": {}
  },
  "D:/RS_School/2023/REACT2023Q1/rss-react/src/components/InputDate/InputDate.test.tsx": {
    "path": "D:/RS_School/2023/REACT2023Q1/rss-react/src/components/InputDate/InputDate.test.tsx",
    "statementMap": {},
    "fnMap": {},
    "branchMap": {},
    "s": {},
    "f": {},
    "b": {}
  },
  "D:/RS_School/2023/REACT2023Q1/rss-react/src/components/InputFile/InputFile.test.tsx": {
    "path": "D:/RS_School/2023/REACT2023Q1/rss-react/src/components/InputFile/InputFile.test.tsx",
    "statementMap": {},
    "fnMap": {},
    "branchMap": {},
    "s": {},
    "f": {},
    "b": {}
  },
  "D:/RS_School/2023/REACT2023Q1/rss-react/src/components/InputRadio/InputRadio.test.tsx": {
    "path": "D:/RS_School/2023/REACT2023Q1/rss-react/src/components/InputRadio/InputRadio.test.tsx",
    "statementMap": {},
    "fnMap": {},
    "branchMap": {},
    "s": {},
    "f": {},
    "b": {}
  },
  "D:/RS_School/2023/REACT2023Q1/rss-react/src/components/InputText/InputText.test.tsx": {
    "path": "D:/RS_School/2023/REACT2023Q1/rss-react/src/components/InputText/InputText.test.tsx",
    "statementMap": {},
    "fnMap": {},
    "branchMap": {},
    "s": {},
    "f": {},
    "b": {}
  },
  "D:/RS_School/2023/REACT2023Q1/rss-react/src/components/Layout/Layout.test.tsx": {
    "path": "D:/RS_School/2023/REACT2023Q1/rss-react/src/components/Layout/Layout.test.tsx",
    "statementMap": {},
    "fnMap": {},
    "branchMap": {},
    "s": {},
    "f": {},
    "b": {}
  },
  "D:/RS_School/2023/REACT2023Q1/rss-react/src/components/Modal/Modal.test.tsx": {
    "path": "D:/RS_School/2023/REACT2023Q1/rss-react/src/components/Modal/Modal.test.tsx",
    "statementMap": {},
    "fnMap": {},
    "branchMap": {},
    "s": {},
    "f": {},
    "b": {}
  },
  "D:/RS_School/2023/REACT2023Q1/rss-react/src/components/Search/Search.test.tsx": {
    "path": "D:/RS_School/2023/REACT2023Q1/rss-react/src/components/Search/Search.test.tsx",
    "statementMap": {},
    "fnMap": {},
    "branchMap": {},
    "s": {},
    "f": {},
    "b": {}
  },
  "D:/RS_School/2023/REACT2023Q1/rss-react/src/components/Select/Select.test.tsx": {
    "path": "D:/RS_School/2023/REACT2023Q1/rss-react/src/components/Select/Select.test.tsx",
    "statementMap": {},
    "fnMap": {},
    "branchMap": {},
    "s": {},
    "f": {},
    "b": {}
  },
  "D:/RS_School/2023/REACT2023Q1/rss-react/src/pages/AboutPage/AboutPage.test.tsx": {
    "path": "D:/RS_School/2023/REACT2023Q1/rss-react/src/pages/AboutPage/AboutPage.test.tsx",
    "statementMap": {},
    "fnMap": {},
    "branchMap": {},
    "s": {},
    "f": {},
    "b": {}
  },
  "D:/RS_School/2023/REACT2023Q1/rss-react/src/pages/FormPage/FormPage.test.tsx": {
    "path": "D:/RS_School/2023/REACT2023Q1/rss-react/src/pages/FormPage/FormPage.test.tsx",
    "statementMap": {},
    "fnMap": {},
    "branchMap": {},
    "s": {},
    "f": {},
    "b": {}
  },
  "D:/RS_School/2023/REACT2023Q1/rss-react/src/pages/HomePage/HomePage.test.tsx": {
    "path": "D:/RS_School/2023/REACT2023Q1/rss-react/src/pages/HomePage/HomePage.test.tsx",
    "statementMap": {},
    "fnMap": {},
    "branchMap": {},
    "s": {},
    "f": {},
    "b": {}
  },
  "D:/RS_School/2023/REACT2023Q1/rss-react/src/pages/NotFoundPage/NotFound.test.tsx": {
    "path": "D:/RS_School/2023/REACT2023Q1/rss-react/src/pages/NotFoundPage/NotFound.test.tsx",
    "statementMap": {},
    "fnMap": {},
    "branchMap": {},
    "s": {},
    "f": {},
    "b": {}
  }
}
